Flow report for FPRO_System
Sat Aug 14 18:03:51 2021
Quartus Prime Version 18.1.0 Build 625 09/12/2018 SJ Lite Edition


---------------------
; Table of Contents ;
---------------------
  1. Legal Notice
  2. Flow Summary
  3. Flow Settings
  4. Flow Non-Default Global Settings
  5. Flow Elapsed Time
  6. Flow OS Summary
  7. Flow Log
  8. Flow Messages
  9. Flow Suppressed Messages



----------------
; Legal Notice ;
----------------
Copyright (C) 2018  Intel Corporation. All rights reserved.
Your use of Intel Corporation's design tools, logic functions 
and other software and tools, and its AMPP partner logic 
functions, and any output files from any of the foregoing 
(including device programming or simulation files), and any 
associated documentation or information are expressly subject 
to the terms and conditions of the Intel Program License 
Subscription Agreement, the Intel Quartus Prime License Agreement,
the Intel FPGA IP License Agreement, or other applicable license
agreement, including, without limitation, that your use is for
the sole purpose of programming logic devices manufactured by
Intel and sold by Intel or its authorized distributors.  Please
refer to the applicable agreement for further details.



+----------------------------------------------------------------------------------+
; Flow Summary                                                                     ;
+------------------------------------+---------------------------------------------+
; Flow Status                        ; Assembler Failed - Sat Aug 14 18:03:51 2021 ;
; Quartus Prime Version              ; 18.1.0 Build 625 09/12/2018 SJ Lite Edition ;
; Revision Name                      ; FPRO_System                                 ;
; Top-level Entity Name              ; mcs_top_vanilla                             ;
; Family                             ; MAX 10                                      ;
; Device                             ; 10M50DAF484C7G                              ;
; Timing Models                      ; Final                                       ;
; Total logic elements               ; 2,717 / 49,760 ( 5 % )                      ;
;     Total combinational functions  ; 2,238 / 49,760 ( 4 % )                      ;
;     Dedicated logic registers      ; 1,720 / 49,760 ( 3 % )                      ;
; Total registers                    ; 1789                                        ;
; Total pins                         ; 112 / 360 ( 31 % )                          ;
; Total virtual pins                 ; 0                                           ;
; Total memory bits                  ; 12,416 / 1,677,312 ( < 1 % )                ;
; Embedded Multiplier 9-bit elements ; 0 / 288 ( 0 % )                             ;
; Total PLLs                         ; 1 / 4 ( 25 % )                              ;
; UFM blocks                         ; 0 / 1 ( 0 % )                               ;
; ADC blocks                         ; 0 / 2 ( 0 % )                               ;
+------------------------------------+---------------------------------------------+


+-----------------------------------------+
; Flow Settings                           ;
+-------------------+---------------------+
; Option            ; Setting             ;
+-------------------+---------------------+
; Start date & time ; 08/14/2021 18:02:41 ;
; Main task         ; Compilation         ;
; Revision Name     ; FPRO_System         ;
+-------------------+---------------------+


+--------------------------------------------------------------------------------------------------------------------------------------------------------------------+
; Flow Non-Default Global Settings                                                                                                                                   ;
+-------------------------------------+--------------------------------------------------------+---------------+-----------------+-----------------------------------+
; Assignment Name                     ; Value                                                  ; Default Value ; Entity Name     ; Section Id                        ;
+-------------------------------------+--------------------------------------------------------+---------------+-----------------+-----------------------------------+
; COMPILER_SIGNATURE_ID               ; 178780615904087.162898936103068                        ; --            ; --              ; --                                ;
; EDA_GENERATE_FUNCTIONAL_NETLIST     ; Off                                                    ; --            ; --              ; eda_board_design_timing           ;
; EDA_GENERATE_FUNCTIONAL_NETLIST     ; Off                                                    ; --            ; --              ; eda_board_design_boundary_scan    ;
; EDA_GENERATE_FUNCTIONAL_NETLIST     ; Off                                                    ; --            ; --              ; eda_board_design_signal_integrity ;
; EDA_GENERATE_FUNCTIONAL_NETLIST     ; Off                                                    ; --            ; --              ; eda_board_design_symbol           ;
; EDA_OUTPUT_DATA_FORMAT              ; Systemverilog Hdl                                      ; --            ; --              ; eda_simulation                    ;
; EDA_SIMULATION_TOOL                 ; ModelSim-Altera (SystemVerilog)                        ; <None>        ; --              ; --                                ;
; EDA_TIME_SCALE                      ; 1 ps                                                   ; --            ; --              ; eda_simulation                    ;
; IP_SEARCH_PATHS                     ; c:\users\augh\documents\fpro                           ; --            ; --              ; --                                ;
; MAX_CORE_JUNCTION_TEMP              ; 85                                                     ; --            ; --              ; --                                ;
; MIN_CORE_JUNCTION_TEMP              ; 0                                                      ; --            ; --              ; --                                ;
; MISC_FILE                           ; fpro/synthesis/../fpro.cmp                             ; --            ; --              ; --                                ;
; MISC_FILE                           ; fpro/synthesis/../../fpro.qsys                         ; --            ; --              ; --                                ;
; PARTITION_COLOR                     ; -- (Not supported for targeted family)                 ; --            ; mcs_top_vanilla ; Top                               ;
; PARTITION_FITTER_PRESERVATION_LEVEL ; -- (Not supported for targeted family)                 ; --            ; mcs_top_vanilla ; Top                               ;
; PARTITION_NETLIST_TYPE              ; -- (Not supported for targeted family)                 ; --            ; mcs_top_vanilla ; Top                               ;
; POWER_BOARD_THERMAL_MODEL           ; None (CONSERVATIVE)                                    ; --            ; --              ; --                                ;
; POWER_PRESET_COOLING_SOLUTION       ; 23 MM HEAT SINK WITH 200 LFPM AIRFLOW                  ; --            ; --              ; --                                ;
; PROJECT_OUTPUT_DIRECTORY            ; output_files                                           ; --            ; --              ; --                                ;
; SLD_FILE                            ; fpro/synthesis/fpro.regmap                             ; --            ; --              ; --                                ;
; SLD_FILE                            ; fpro/synthesis/fpro.debuginfo                          ; --            ; --              ; --                                ;
; SLD_INFO                            ; QSYS_NAME fpro HAS_SOPCINFO 1 GENERATION_ID 1628989217 ; --            ; fpro            ; --                                ;
; SOPCINFO_FILE                       ; fpro/synthesis/../../fpro.sopcinfo                     ; --            ; --              ; --                                ;
; SYNTHESIS_ONLY_QIP                  ; On                                                     ; --            ; --              ; --                                ;
; TOP_LEVEL_ENTITY                    ; mcs_top_vanilla                                        ; FPRO_System   ; --              ; --                                ;
+-------------------------------------+--------------------------------------------------------+---------------+-----------------+-----------------------------------+


+--------------------------------------------------------------------------------------------------------------------------+
; Flow Elapsed Time                                                                                                        ;
+----------------------+--------------+-------------------------+---------------------+------------------------------------+
; Module Name          ; Elapsed Time ; Average Processors Used ; Peak Virtual Memory ; Total CPU Time (on all processors) ;
+----------------------+--------------+-------------------------+---------------------+------------------------------------+
; Analysis & Synthesis ; 00:00:33     ; 1.0                     ; 4897 MB             ; 00:00:56                           ;
; Fitter               ; 00:00:29     ; 1.2                     ; 5689 MB             ; 00:00:41                           ;
; Assembler            ; 00:00:03     ; 1.0                     ; 4688 MB             ; 00:00:03                           ;
; Total                ; 00:01:05     ; --                      ; --                  ; 00:01:40                           ;
+----------------------+--------------+-------------------------+---------------------+------------------------------------+


+------------------------------------------------------------------------------------+
; Flow OS Summary                                                                    ;
+----------------------+------------------+------------+------------+----------------+
; Module Name          ; Machine Hostname ; OS Name    ; OS Version ; Processor type ;
+----------------------+------------------+------------+------------+----------------+
; Analysis & Synthesis ; DESKTOP-OT4JLP6  ; Windows 10 ; 10.0       ; x86_64         ;
; Fitter               ; DESKTOP-OT4JLP6  ; Windows 10 ; 10.0       ; x86_64         ;
; Assembler            ; DESKTOP-OT4JLP6  ; Windows 10 ; 10.0       ; x86_64         ;
+----------------------+------------------+------------+------------+----------------+


------------
; Flow Log ;
------------
quartus_map --read_settings_files=on --write_settings_files=off FPRO_System -c FPRO_System
quartus_fit --read_settings_files=off --write_settings_files=off FPRO_System -c FPRO_System
quartus_asm --read_settings_files=off --write_settings_files=off FPRO_System -c FPRO_System



