Analysis & Synthesis report for FPRO_System
Sat Aug 14 14:02:33 2021
Quartus Prime Version 18.1.0 Build 625 09/12/2018 SJ Lite Edition


---------------------
; Table of Contents ;
---------------------
  1. Legal Notice
  2. Analysis & Synthesis Summary
  3. Analysis & Synthesis Settings
  4. Parallel Compilation
  5. Analysis & Synthesis IP Cores Summary
  6. Analysis & Synthesis Messages
  7. Analysis & Synthesis Suppressed Messages



----------------
; Legal Notice ;
----------------
Copyright (C) 2018  Intel Corporation. All rights reserved.
Your use of Intel Corporation's design tools, logic functions 
and other software and tools, and its AMPP partner logic 
functions, and any output files from any of the foregoing 
(including device programming or simulation files), and any 
associated documentation or information are expressly subject 
to the terms and conditions of the Intel Program License 
Subscription Agreement, the Intel Quartus Prime License Agreement,
the Intel FPGA IP License Agreement, or other applicable license
agreement, including, without limitation, that your use is for
the sole purpose of programming logic devices manufactured by
Intel and sold by Intel or its authorized distributors.  Please
refer to the applicable agreement for further details.



+----------------------------------------------------------------------------------+
; Analysis & Synthesis Summary                                                     ;
+------------------------------------+---------------------------------------------+
; Analysis & Synthesis Status        ; Failed - Sat Aug 14 14:02:33 2021           ;
; Quartus Prime Version              ; 18.1.0 Build 625 09/12/2018 SJ Lite Edition ;
; Revision Name                      ; FPRO_System                                 ;
; Top-level Entity Name              ; mcs_top_vanilla                             ;
; Family                             ; MAX 10                                      ;
; Total logic elements               ; N/A until Partition Merge                   ;
;     Total combinational functions  ; N/A until Partition Merge                   ;
;     Dedicated logic registers      ; N/A until Partition Merge                   ;
; Total registers                    ; N/A until Partition Merge                   ;
; Total pins                         ; N/A until Partition Merge                   ;
; Total virtual pins                 ; N/A until Partition Merge                   ;
; Total memory bits                  ; N/A until Partition Merge                   ;
; Embedded Multiplier 9-bit elements ; N/A until Partition Merge                   ;
; Total PLLs                         ; N/A until Partition Merge                   ;
; UFM blocks                         ; N/A until Partition Merge                   ;
; ADC blocks                         ; N/A until Partition Merge                   ;
+------------------------------------+---------------------------------------------+


+------------------------------------------------------------------------------------------------------------+
; Analysis & Synthesis Settings                                                                              ;
+------------------------------------------------------------------+--------------------+--------------------+
; Option                                                           ; Setting            ; Default Value      ;
+------------------------------------------------------------------+--------------------+--------------------+
; Device                                                           ; 10M50DAF484C7G     ;                    ;
; Top-level entity name                                            ; mcs_top_vanilla    ; FPRO_System        ;
; Family name                                                      ; MAX 10             ; Cyclone V          ;
; Use smart compilation                                            ; Off                ; Off                ;
; Enable parallel Assembler and Timing Analyzer during compilation ; On                 ; On                 ;
; Enable compact report table                                      ; Off                ; Off                ;
; Restructure Multiplexers                                         ; Auto               ; Auto               ;
; Create Debugging Nodes for IP Cores                              ; Off                ; Off                ;
; Preserve fewer node names                                        ; On                 ; On                 ;
; Intel FPGA IP Evaluation Mode                                    ; Enable             ; Enable             ;
; Verilog Version                                                  ; Verilog_2001       ; Verilog_2001       ;
; VHDL Version                                                     ; VHDL_1993          ; VHDL_1993          ;
; State Machine Processing                                         ; Auto               ; Auto               ;
; Safe State Machine                                               ; Off                ; Off                ;
; Extract Verilog State Machines                                   ; On                 ; On                 ;
; Extract VHDL State Machines                                      ; On                 ; On                 ;
; Ignore Verilog initial constructs                                ; Off                ; Off                ;
; Iteration limit for constant Verilog loops                       ; 5000               ; 5000               ;
; Iteration limit for non-constant Verilog loops                   ; 250                ; 250                ;
; Add Pass-Through Logic to Inferred RAMs                          ; On                 ; On                 ;
; Infer RAMs from Raw Logic                                        ; On                 ; On                 ;
; Parallel Synthesis                                               ; On                 ; On                 ;
; DSP Block Balancing                                              ; Auto               ; Auto               ;
; NOT Gate Push-Back                                               ; On                 ; On                 ;
; Power-Up Don't Care                                              ; On                 ; On                 ;
; Remove Redundant Logic Cells                                     ; Off                ; Off                ;
; Remove Duplicate Registers                                       ; On                 ; On                 ;
; Ignore CARRY Buffers                                             ; Off                ; Off                ;
; Ignore CASCADE Buffers                                           ; Off                ; Off                ;
; Ignore GLOBAL Buffers                                            ; Off                ; Off                ;
; Ignore ROW GLOBAL Buffers                                        ; Off                ; Off                ;
; Ignore LCELL Buffers                                             ; Off                ; Off                ;
; Ignore SOFT Buffers                                              ; On                 ; On                 ;
; Limit AHDL Integers to 32 Bits                                   ; Off                ; Off                ;
; Optimization Technique                                           ; Balanced           ; Balanced           ;
; Carry Chain Length                                               ; 70                 ; 70                 ;
; Auto Carry Chains                                                ; On                 ; On                 ;
; Auto Open-Drain Pins                                             ; On                 ; On                 ;
; Perform WYSIWYG Primitive Resynthesis                            ; Off                ; Off                ;
; Auto ROM Replacement                                             ; On                 ; On                 ;
; Auto RAM Replacement                                             ; On                 ; On                 ;
; Auto DSP Block Replacement                                       ; On                 ; On                 ;
; Auto Shift Register Replacement                                  ; Auto               ; Auto               ;
; Allow Shift Register Merging across Hierarchies                  ; Auto               ; Auto               ;
; Auto Clock Enable Replacement                                    ; On                 ; On                 ;
; Strict RAM Replacement                                           ; Off                ; Off                ;
; Allow Synchronous Control Signals                                ; On                 ; On                 ;
; Force Use of Synchronous Clear Signals                           ; Off                ; Off                ;
; Auto RAM Block Balancing                                         ; On                 ; On                 ;
; Auto RAM to Logic Cell Conversion                                ; Off                ; Off                ;
; Auto Resource Sharing                                            ; Off                ; Off                ;
; Allow Any RAM Size For Recognition                               ; Off                ; Off                ;
; Allow Any ROM Size For Recognition                               ; Off                ; Off                ;
; Allow Any Shift Register Size For Recognition                    ; Off                ; Off                ;
; Use LogicLock Constraints during Resource Balancing              ; On                 ; On                 ;
; Ignore translate_off and synthesis_off directives                ; Off                ; Off                ;
; Timing-Driven Synthesis                                          ; On                 ; On                 ;
; Report Parameter Settings                                        ; On                 ; On                 ;
; Report Source Assignments                                        ; On                 ; On                 ;
; Report Connectivity Checks                                       ; On                 ; On                 ;
; Ignore Maximum Fan-Out Assignments                               ; Off                ; Off                ;
; Synchronization Register Chain Length                            ; 2                  ; 2                  ;
; Power Optimization During Synthesis                              ; Normal compilation ; Normal compilation ;
; HDL message level                                                ; Level2             ; Level2             ;
; Suppress Register Optimization Related Messages                  ; Off                ; Off                ;
; Number of Removed Registers Reported in Synthesis Report         ; 5000               ; 5000               ;
; Number of Swept Nodes Reported in Synthesis Report               ; 5000               ; 5000               ;
; Number of Inverted Registers Reported in Synthesis Report        ; 100                ; 100                ;
; Clock MUX Protection                                             ; On                 ; On                 ;
; Auto Gated Clock Conversion                                      ; Off                ; Off                ;
; Block Design Naming                                              ; Auto               ; Auto               ;
; SDC constraint protection                                        ; Off                ; Off                ;
; Synthesis Effort                                                 ; Auto               ; Auto               ;
; Shift Register Replacement - Allow Asynchronous Clear Signal     ; On                 ; On                 ;
; Pre-Mapping Resynthesis Optimization                             ; Off                ; Off                ;
; Analysis & Synthesis Message Level                               ; Medium             ; Medium             ;
; Disable Register Merging Across Hierarchies                      ; Auto               ; Auto               ;
; Resource Aware Inference For Block RAM                           ; On                 ; On                 ;
+------------------------------------------------------------------+--------------------+--------------------+


+------------------------------------------+
; Parallel Compilation                     ;
+----------------------------+-------------+
; Processors                 ; Number      ;
+----------------------------+-------------+
; Number detected on machine ; 8           ;
; Maximum allowed            ; 4           ;
;                            ;             ;
; Average used               ; 1.00        ;
; Maximum used               ; 1           ;
;                            ;             ;
; Usage by Processor         ; % Time Used ;
;     Processor 1            ; 100.0%      ;
+----------------------------+-------------+


+-----------------------------------------------------------------------------------------------------------------------------------------------------------------------------------------------------------------------------------------------------------------+
; Analysis & Synthesis IP Cores Summary                                                                                                                                                                                                                           ;
+--------+------------------------------------+---------+--------------+--------------+---------------------------------------------------------------------------------------------------------------------------------------------------------+-----------------+
; Vendor ; IP Core Name                       ; Version ; Release Date ; License Type ; Entity Instance                                                                                                                                         ; IP Include File ;
+--------+------------------------------------+---------+--------------+--------------+---------------------------------------------------------------------------------------------------------------------------------------------------------+-----------------+
; N/A    ; Qsys                               ; 18.1    ; N/A          ; N/A          ; |mcs_top_vanilla|fpro:u0                                                                                                                                ; fpro.qsys       ;
; Altera ; altera_mm_interconnect             ; 18.1    ; N/A          ; N/A          ; |mcs_top_vanilla|fpro:u0|fpro_mm_interconnect_0:mm_interconnect_0                                                                                       ; fpro.qsys       ;
; Altera ; altera_merlin_slave_agent          ; 18.1    ; N/A          ; N/A          ; |mcs_top_vanilla|fpro:u0|fpro_mm_interconnect_0:mm_interconnect_0|altera_merlin_slave_agent:avalon_to_fpro_bridge_0_avalon_mm_interface_agent           ; fpro.qsys       ;
; Altera ; altera_avalon_sc_fifo              ; 18.1    ; N/A          ; N/A          ; |mcs_top_vanilla|fpro:u0|fpro_mm_interconnect_0:mm_interconnect_0|altera_avalon_sc_fifo:avalon_to_fpro_bridge_0_avalon_mm_interface_agent_rsp_fifo      ; fpro.qsys       ;
; Altera ; altera_merlin_slave_translator     ; 18.1    ; N/A          ; N/A          ; |mcs_top_vanilla|fpro:u0|fpro_mm_interconnect_0:mm_interconnect_0|altera_merlin_slave_translator:avalon_to_fpro_bridge_0_avalon_mm_interface_translator ; fpro.qsys       ;
; Altera ; altera_merlin_master_agent         ; 18.1    ; N/A          ; N/A          ; |mcs_top_vanilla|fpro:u0|fpro_mm_interconnect_0:mm_interconnect_0|altera_merlin_master_agent:nios2_gen2_0_data_master_agent                             ; fpro.qsys       ;
; Altera ; altera_merlin_master_translator    ; 18.1    ; N/A          ; N/A          ; |mcs_top_vanilla|fpro:u0|fpro_mm_interconnect_0:mm_interconnect_0|altera_merlin_master_translator:nios2_gen2_0_data_master_translator                   ; fpro.qsys       ;
; Altera ; altera_merlin_slave_agent          ; 18.1    ; N/A          ; N/A          ; |mcs_top_vanilla|fpro:u0|fpro_mm_interconnect_0:mm_interconnect_0|altera_merlin_slave_agent:nios2_gen2_0_debug_mem_slave_agent                          ; fpro.qsys       ;
; Altera ; altera_avalon_sc_fifo              ; 18.1    ; N/A          ; N/A          ; |mcs_top_vanilla|fpro:u0|fpro_mm_interconnect_0:mm_interconnect_0|altera_avalon_sc_fifo:nios2_gen2_0_debug_mem_slave_agent_rsp_fifo                     ; fpro.qsys       ;
; Altera ; altera_merlin_slave_translator     ; 18.1    ; N/A          ; N/A          ; |mcs_top_vanilla|fpro:u0|fpro_mm_interconnect_0:mm_interconnect_0|altera_merlin_slave_translator:nios2_gen2_0_debug_mem_slave_translator                ; fpro.qsys       ;
; Altera ; altera_merlin_master_agent         ; 18.1    ; N/A          ; N/A          ; |mcs_top_vanilla|fpro:u0|fpro_mm_interconnect_0:mm_interconnect_0|altera_merlin_master_agent:nios2_gen2_0_instruction_master_agent                      ; fpro.qsys       ;
; Altera ; altera_merlin_master_translator    ; 18.1    ; N/A          ; N/A          ; |mcs_top_vanilla|fpro:u0|fpro_mm_interconnect_0:mm_interconnect_0|altera_merlin_master_translator:nios2_gen2_0_instruction_master_translator            ; fpro.qsys       ;
; Altera ; altera_merlin_slave_agent          ; 18.1    ; N/A          ; N/A          ; |mcs_top_vanilla|fpro:u0|fpro_mm_interconnect_0:mm_interconnect_0|altera_merlin_slave_agent:onchip_memory2_0_s1_agent                                   ; fpro.qsys       ;
; Altera ; altera_avalon_sc_fifo              ; 18.1    ; N/A          ; N/A          ; |mcs_top_vanilla|fpro:u0|fpro_mm_interconnect_0:mm_interconnect_0|altera_avalon_sc_fifo:onchip_memory2_0_s1_agent_rsp_fifo                              ; fpro.qsys       ;
; Altera ; altera_merlin_slave_translator     ; 18.1    ; N/A          ; N/A          ; |mcs_top_vanilla|fpro:u0|fpro_mm_interconnect_0:mm_interconnect_0|altera_merlin_slave_translator:onchip_memory2_0_s1_translator                         ; fpro.qsys       ;
; Altera ; altera_merlin_router               ; 18.1    ; N/A          ; N/A          ; |mcs_top_vanilla|fpro:u0|fpro_mm_interconnect_0:mm_interconnect_0|fpro_mm_interconnect_0_router:router                                                  ; fpro.qsys       ;
; Altera ; altera_merlin_slave_agent          ; 18.1    ; N/A          ; N/A          ; |mcs_top_vanilla|fpro:u0|fpro_mm_interconnect_0:mm_interconnect_0|altera_merlin_slave_agent:sdram_pll_pll_slave_agent                                   ; fpro.qsys       ;
; Altera ; altera_avalon_sc_fifo              ; 18.1    ; N/A          ; N/A          ; |mcs_top_vanilla|fpro:u0|fpro_mm_interconnect_0:mm_interconnect_0|altera_avalon_sc_fifo:sdram_pll_pll_slave_agent_rsp_fifo                              ; fpro.qsys       ;
; Altera ; altera_merlin_slave_translator     ; 18.1    ; N/A          ; N/A          ; |mcs_top_vanilla|fpro:u0|fpro_mm_interconnect_0:mm_interconnect_0|altera_merlin_slave_translator:sdram_pll_pll_slave_translator                         ; fpro.qsys       ;
; Altera ; altera_merlin_slave_agent          ; 18.1    ; N/A          ; N/A          ; |mcs_top_vanilla|fpro:u0|fpro_mm_interconnect_0:mm_interconnect_0|altera_merlin_slave_agent:sdram_s1_agent                                              ; fpro.qsys       ;
; Altera ; altera_avalon_sc_fifo              ; 18.1    ; N/A          ; N/A          ; |mcs_top_vanilla|fpro:u0|fpro_mm_interconnect_0:mm_interconnect_0|altera_avalon_sc_fifo:sdram_s1_agent_rdata_fifo                                       ; fpro.qsys       ;
; Altera ; altera_avalon_sc_fifo              ; 18.1    ; N/A          ; N/A          ; |mcs_top_vanilla|fpro:u0|fpro_mm_interconnect_0:mm_interconnect_0|altera_avalon_sc_fifo:sdram_s1_agent_rsp_fifo                                         ; fpro.qsys       ;
; Altera ; altera_merlin_slave_translator     ; 18.1    ; N/A          ; N/A          ; |mcs_top_vanilla|fpro:u0|fpro_mm_interconnect_0:mm_interconnect_0|altera_merlin_slave_translator:sdram_s1_translator                                    ; fpro.qsys       ;
; Altera ; altera_merlin_slave_agent          ; 18.1    ; N/A          ; N/A          ; |mcs_top_vanilla|fpro:u0|fpro_mm_interconnect_0:mm_interconnect_0|altera_merlin_slave_agent:sysid_qsys_0_control_slave_agent                            ; fpro.qsys       ;
; Altera ; altera_avalon_sc_fifo              ; 18.1    ; N/A          ; N/A          ; |mcs_top_vanilla|fpro:u0|fpro_mm_interconnect_0:mm_interconnect_0|altera_avalon_sc_fifo:sysid_qsys_0_control_slave_agent_rsp_fifo                       ; fpro.qsys       ;
; Altera ; altera_merlin_slave_translator     ; 18.1    ; N/A          ; N/A          ; |mcs_top_vanilla|fpro:u0|fpro_mm_interconnect_0:mm_interconnect_0|altera_merlin_slave_translator:sysid_qsys_0_control_slave_translator                  ; fpro.qsys       ;
; Altera ; altera_nios2_gen2                  ; 18.1    ; N/A          ; N/A          ; |mcs_top_vanilla|fpro:u0|fpro_nios2_gen2_0:nios2_gen2_0                                                                                                 ; fpro.qsys       ;
; Altera ; altera_nios2_gen2_unit             ; 18.1    ; N/A          ; N/A          ; |mcs_top_vanilla|fpro:u0|fpro_nios2_gen2_0:nios2_gen2_0|fpro_nios2_gen2_0_cpu:cpu                                                                       ; fpro.qsys       ;
; Altera ; altera_avalon_onchip_memory2       ; 18.1    ; N/A          ; N/A          ; |mcs_top_vanilla|fpro:u0|fpro_onchip_memory2_0:onchip_memory2_0                                                                                         ; fpro.qsys       ;
; Altera ; altera_avalon_new_sdram_controller ; 18.1    ; N/A          ; N/A          ; |mcs_top_vanilla|fpro:u0|fpro_sdram:sdram                                                                                                               ; fpro.qsys       ;
; Altera ; altpll                             ; 18.1    ; N/A          ; N/A          ; |mcs_top_vanilla|fpro:u0|fpro_sdram_pll:sdram_pll                                                                                                       ; fpro.qsys       ;
; Altera ; altera_avalon_sysid_qsys           ; 18.1    ; N/A          ; N/A          ; |mcs_top_vanilla|fpro:u0|fpro_sysid_qsys_0:sysid_qsys_0                                                                                                 ; fpro.qsys       ;
+--------+------------------------------------+---------+--------------+--------------+---------------------------------------------------------------------------------------------------------------------------------------------------------+-----------------+


+-------------------------------+
; Analysis & Synthesis Messages ;
+-------------------------------+
Info: *******************************************************************
Info: Running Quartus Prime Analysis & Synthesis
    Info: Version 18.1.0 Build 625 09/12/2018 SJ Lite Edition
    Info: Processing started: Sat Aug 14 14:02:16 2021
Info: Command: quartus_map --read_settings_files=on --write_settings_files=off FPRO_System -c FPRO_System
Warning (18236): Number of processors has not been specified which may cause overloading on shared machines.  Set the global assignment NUM_PARALLEL_PROCESSORS in your QSF to an appropriate value for best performance.
Info (20030): Parallel compilation is enabled and will use 4 of the 4 processors detected
Info (12021): Found 1 design units, including 1 entities, in source file fpro/synthesis/fpro.v
    Info (12023): Found entity 1: fpro File: C:/Users/augh/Documents/FPRO/fpro/synthesis/fpro.v Line: 6
Info (12021): Found 1 design units, including 1 entities, in source file fpro/synthesis/submodules/altera_reset_controller.v
    Info (12023): Found entity 1: altera_reset_controller File: C:/Users/augh/Documents/FPRO/fpro/synthesis/submodules/altera_reset_controller.v Line: 42
Info (12021): Found 1 design units, including 1 entities, in source file fpro/synthesis/submodules/altera_reset_synchronizer.v
    Info (12023): Found entity 1: altera_reset_synchronizer File: C:/Users/augh/Documents/FPRO/fpro/synthesis/submodules/altera_reset_synchronizer.v Line: 24
Info (12021): Found 1 design units, including 1 entities, in source file fpro/synthesis/submodules/fpro_irq_mapper.sv
    Info (12023): Found entity 1: fpro_irq_mapper File: C:/Users/augh/Documents/FPRO/fpro/synthesis/submodules/fpro_irq_mapper.sv Line: 31
Info (12021): Found 1 design units, including 1 entities, in source file fpro/synthesis/submodules/fpro_mm_interconnect_0.v
    Info (12023): Found entity 1: fpro_mm_interconnect_0 File: C:/Users/augh/Documents/FPRO/fpro/synthesis/submodules/fpro_mm_interconnect_0.v Line: 9
Info (12021): Found 1 design units, including 1 entities, in source file fpro/synthesis/submodules/fpro_mm_interconnect_0_avalon_st_adapter_004.v
    Info (12023): Found entity 1: fpro_mm_interconnect_0_avalon_st_adapter_004 File: C:/Users/augh/Documents/FPRO/fpro/synthesis/submodules/fpro_mm_interconnect_0_avalon_st_adapter_004.v Line: 9
Info (12021): Found 1 design units, including 1 entities, in source file fpro/synthesis/submodules/fpro_mm_interconnect_0_avalon_st_adapter_004_error_adapter_0.sv
    Info (12023): Found entity 1: fpro_mm_interconnect_0_avalon_st_adapter_004_error_adapter_0 File: C:/Users/augh/Documents/FPRO/fpro/synthesis/submodules/fpro_mm_interconnect_0_avalon_st_adapter_004_error_adapter_0.sv Line: 66
Info (12021): Found 1 design units, including 1 entities, in source file fpro/synthesis/submodules/fpro_mm_interconnect_0_avalon_st_adapter.v
    Info (12023): Found entity 1: fpro_mm_interconnect_0_avalon_st_adapter File: C:/Users/augh/Documents/FPRO/fpro/synthesis/submodules/fpro_mm_interconnect_0_avalon_st_adapter.v Line: 9
Info (12021): Found 1 design units, including 1 entities, in source file fpro/synthesis/submodules/fpro_mm_interconnect_0_avalon_st_adapter_error_adapter_0.sv
    Info (12023): Found entity 1: fpro_mm_interconnect_0_avalon_st_adapter_error_adapter_0 File: C:/Users/augh/Documents/FPRO/fpro/synthesis/submodules/fpro_mm_interconnect_0_avalon_st_adapter_error_adapter_0.sv Line: 66
Info (12021): Found 1 design units, including 1 entities, in source file fpro/synthesis/submodules/altera_avalon_st_handshake_clock_crosser.v
    Info (12023): Found entity 1: altera_avalon_st_handshake_clock_crosser File: C:/Users/augh/Documents/FPRO/fpro/synthesis/submodules/altera_avalon_st_handshake_clock_crosser.v Line: 24
Info (12021): Found 1 design units, including 1 entities, in source file fpro/synthesis/submodules/altera_avalon_st_clock_crosser.v
    Info (12023): Found entity 1: altera_avalon_st_clock_crosser File: C:/Users/augh/Documents/FPRO/fpro/synthesis/submodules/altera_avalon_st_clock_crosser.v Line: 22
Info (12021): Found 1 design units, including 1 entities, in source file fpro/synthesis/submodules/altera_avalon_st_pipeline_base.v
    Info (12023): Found entity 1: altera_avalon_st_pipeline_base File: C:/Users/augh/Documents/FPRO/fpro/synthesis/submodules/altera_avalon_st_pipeline_base.v Line: 22
Info (12021): Found 1 design units, including 1 entities, in source file fpro/synthesis/submodules/altera_std_synchronizer_nocut.v
    Info (12023): Found entity 1: altera_std_synchronizer_nocut File: C:/Users/augh/Documents/FPRO/fpro/synthesis/submodules/altera_std_synchronizer_nocut.v Line: 44
Info (12021): Found 1 design units, including 1 entities, in source file fpro/synthesis/submodules/altera_merlin_width_adapter.sv
    Info (12023): Found entity 1: altera_merlin_width_adapter File: C:/Users/augh/Documents/FPRO/fpro/synthesis/submodules/altera_merlin_width_adapter.sv Line: 25
Info (12021): Found 1 design units, including 1 entities, in source file fpro/synthesis/submodules/altera_merlin_address_alignment.sv
    Info (12023): Found entity 1: altera_merlin_address_alignment File: C:/Users/augh/Documents/FPRO/fpro/synthesis/submodules/altera_merlin_address_alignment.sv Line: 26
Info (12021): Found 1 design units, including 1 entities, in source file fpro/synthesis/submodules/altera_merlin_burst_uncompressor.sv
    Info (12023): Found entity 1: altera_merlin_burst_uncompressor File: C:/Users/augh/Documents/FPRO/fpro/synthesis/submodules/altera_merlin_burst_uncompressor.sv Line: 40
Info (12021): Found 1 design units, including 1 entities, in source file fpro/synthesis/submodules/fpro_mm_interconnect_0_rsp_mux.sv
    Info (12023): Found entity 1: fpro_mm_interconnect_0_rsp_mux File: C:/Users/augh/Documents/FPRO/fpro/synthesis/submodules/fpro_mm_interconnect_0_rsp_mux.sv Line: 51
Info (12021): Found 2 design units, including 2 entities, in source file fpro/synthesis/submodules/altera_merlin_arbitrator.sv
    Info (12023): Found entity 1: altera_merlin_arbitrator File: C:/Users/augh/Documents/FPRO/fpro/synthesis/submodules/altera_merlin_arbitrator.sv Line: 103
    Info (12023): Found entity 2: altera_merlin_arb_adder File: C:/Users/augh/Documents/FPRO/fpro/synthesis/submodules/altera_merlin_arbitrator.sv Line: 228
Info (12021): Found 1 design units, including 1 entities, in source file fpro/synthesis/submodules/fpro_mm_interconnect_0_rsp_demux.sv
    Info (12023): Found entity 1: fpro_mm_interconnect_0_rsp_demux File: C:/Users/augh/Documents/FPRO/fpro/synthesis/submodules/fpro_mm_interconnect_0_rsp_demux.sv Line: 43
Info (12021): Found 1 design units, including 1 entities, in source file fpro/synthesis/submodules/fpro_mm_interconnect_0_cmd_mux.sv
    Info (12023): Found entity 1: fpro_mm_interconnect_0_cmd_mux File: C:/Users/augh/Documents/FPRO/fpro/synthesis/submodules/fpro_mm_interconnect_0_cmd_mux.sv Line: 51
Info (12021): Found 1 design units, including 1 entities, in source file fpro/synthesis/submodules/fpro_mm_interconnect_0_cmd_demux.sv
    Info (12023): Found entity 1: fpro_mm_interconnect_0_cmd_demux File: C:/Users/augh/Documents/FPRO/fpro/synthesis/submodules/fpro_mm_interconnect_0_cmd_demux.sv Line: 43
Info (12021): Found 1 design units, including 1 entities, in source file fpro/synthesis/submodules/altera_merlin_burst_adapter.sv
    Info (12023): Found entity 1: altera_merlin_burst_adapter File: C:/Users/augh/Documents/FPRO/fpro/synthesis/submodules/altera_merlin_burst_adapter.sv Line: 21
Info (12021): Found 1 design units, including 1 entities, in source file fpro/synthesis/submodules/altera_merlin_burst_adapter_uncmpr.sv
    Info (12023): Found entity 1: altera_merlin_burst_adapter_uncompressed_only File: C:/Users/augh/Documents/FPRO/fpro/synthesis/submodules/altera_merlin_burst_adapter_uncmpr.sv Line: 39
Info (12021): Found 5 design units, including 5 entities, in source file fpro/synthesis/submodules/altera_merlin_burst_adapter_13_1.sv
    Info (12023): Found entity 1: altera_merlin_burst_adapter_burstwrap_increment File: C:/Users/augh/Documents/FPRO/fpro/synthesis/submodules/altera_merlin_burst_adapter_13_1.sv Line: 40
    Info (12023): Found entity 2: altera_merlin_burst_adapter_adder File: C:/Users/augh/Documents/FPRO/fpro/synthesis/submodules/altera_merlin_burst_adapter_13_1.sv Line: 55
    Info (12023): Found entity 3: altera_merlin_burst_adapter_subtractor File: C:/Users/augh/Documents/FPRO/fpro/synthesis/submodules/altera_merlin_burst_adapter_13_1.sv Line: 77
    Info (12023): Found entity 4: altera_merlin_burst_adapter_min File: C:/Users/augh/Documents/FPRO/fpro/synthesis/submodules/altera_merlin_burst_adapter_13_1.sv Line: 98
    Info (12023): Found entity 5: altera_merlin_burst_adapter_13_1 File: C:/Users/augh/Documents/FPRO/fpro/synthesis/submodules/altera_merlin_burst_adapter_13_1.sv Line: 264
Info (12021): Found 1 design units, including 1 entities, in source file fpro/synthesis/submodules/altera_merlin_burst_adapter_new.sv
    Info (12023): Found entity 1: altera_merlin_burst_adapter_new File: C:/Users/augh/Documents/FPRO/fpro/synthesis/submodules/altera_merlin_burst_adapter_new.sv Line: 25
Info (12021): Found 1 design units, including 1 entities, in source file fpro/synthesis/submodules/altera_incr_burst_converter.sv
    Info (12023): Found entity 1: altera_incr_burst_converter File: C:/Users/augh/Documents/FPRO/fpro/synthesis/submodules/altera_incr_burst_converter.sv Line: 28
Info (12021): Found 1 design units, including 1 entities, in source file fpro/synthesis/submodules/altera_wrap_burst_converter.sv
    Info (12023): Found entity 1: altera_wrap_burst_converter File: C:/Users/augh/Documents/FPRO/fpro/synthesis/submodules/altera_wrap_burst_converter.sv Line: 27
Info (12021): Found 1 design units, including 1 entities, in source file fpro/synthesis/submodules/altera_default_burst_converter.sv
    Info (12023): Found entity 1: altera_default_burst_converter File: C:/Users/augh/Documents/FPRO/fpro/synthesis/submodules/altera_default_burst_converter.sv Line: 30
Info (12021): Found 1 design units, including 1 entities, in source file fpro/synthesis/submodules/altera_avalon_st_pipeline_stage.sv
    Info (12023): Found entity 1: altera_avalon_st_pipeline_stage File: C:/Users/augh/Documents/FPRO/fpro/synthesis/submodules/altera_avalon_st_pipeline_stage.sv Line: 22
Info (12021): Found 2 design units, including 2 entities, in source file fpro/synthesis/submodules/fpro_mm_interconnect_0_router_006.sv
    Info (12023): Found entity 1: fpro_mm_interconnect_0_router_006_default_decode File: C:/Users/augh/Documents/FPRO/fpro/synthesis/submodules/fpro_mm_interconnect_0_router_006.sv Line: 45
    Info (12023): Found entity 2: fpro_mm_interconnect_0_router_006 File: C:/Users/augh/Documents/FPRO/fpro/synthesis/submodules/fpro_mm_interconnect_0_router_006.sv Line: 84
Info (12021): Found 2 design units, including 2 entities, in source file fpro/synthesis/submodules/fpro_mm_interconnect_0_router_002.sv
    Info (12023): Found entity 1: fpro_mm_interconnect_0_router_002_default_decode File: C:/Users/augh/Documents/FPRO/fpro/synthesis/submodules/fpro_mm_interconnect_0_router_002.sv Line: 45
    Info (12023): Found entity 2: fpro_mm_interconnect_0_router_002 File: C:/Users/augh/Documents/FPRO/fpro/synthesis/submodules/fpro_mm_interconnect_0_router_002.sv Line: 84
Warning (10229): Verilog HDL Expression warning at fpro_mm_interconnect_0_router.sv(233): truncated literal to match 32 bits File: C:/Users/augh/Documents/FPRO/fpro/synthesis/submodules/fpro_mm_interconnect_0_router.sv Line: 233
Info (12021): Found 2 design units, including 2 entities, in source file fpro/synthesis/submodules/fpro_mm_interconnect_0_router.sv
    Info (12023): Found entity 1: fpro_mm_interconnect_0_router_default_decode File: C:/Users/augh/Documents/FPRO/fpro/synthesis/submodules/fpro_mm_interconnect_0_router.sv Line: 45
    Info (12023): Found entity 2: fpro_mm_interconnect_0_router File: C:/Users/augh/Documents/FPRO/fpro/synthesis/submodules/fpro_mm_interconnect_0_router.sv Line: 84
Info (12021): Found 1 design units, including 1 entities, in source file fpro/synthesis/submodules/altera_avalon_sc_fifo.v
    Info (12023): Found entity 1: altera_avalon_sc_fifo File: C:/Users/augh/Documents/FPRO/fpro/synthesis/submodules/altera_avalon_sc_fifo.v Line: 21
Info (12021): Found 1 design units, including 1 entities, in source file fpro/synthesis/submodules/altera_merlin_slave_agent.sv
    Info (12023): Found entity 1: altera_merlin_slave_agent File: C:/Users/augh/Documents/FPRO/fpro/synthesis/submodules/altera_merlin_slave_agent.sv Line: 34
Info (12021): Found 1 design units, including 1 entities, in source file fpro/synthesis/submodules/altera_merlin_master_agent.sv
    Info (12023): Found entity 1: altera_merlin_master_agent File: C:/Users/augh/Documents/FPRO/fpro/synthesis/submodules/altera_merlin_master_agent.sv Line: 28
Info (12021): Found 1 design units, including 1 entities, in source file fpro/synthesis/submodules/altera_merlin_slave_translator.sv
    Info (12023): Found entity 1: altera_merlin_slave_translator File: C:/Users/augh/Documents/FPRO/fpro/synthesis/submodules/altera_merlin_slave_translator.sv Line: 35
Info (12021): Found 1 design units, including 1 entities, in source file fpro/synthesis/submodules/altera_merlin_master_translator.sv
    Info (12023): Found entity 1: altera_merlin_master_translator File: C:/Users/augh/Documents/FPRO/fpro/synthesis/submodules/altera_merlin_master_translator.sv Line: 32
Info (12021): Found 1 design units, including 1 entities, in source file fpro/synthesis/submodules/fpro_sysid_qsys_0.v
    Info (12023): Found entity 1: fpro_sysid_qsys_0 File: C:/Users/augh/Documents/FPRO/fpro/synthesis/submodules/fpro_sysid_qsys_0.v Line: 34
Info (12021): Found 4 design units, including 4 entities, in source file fpro/synthesis/submodules/fpro_sdram_pll.v
    Info (12023): Found entity 1: fpro_sdram_pll_dffpipe_l2c File: C:/Users/augh/Documents/FPRO/fpro/synthesis/submodules/fpro_sdram_pll.v Line: 37
    Info (12023): Found entity 2: fpro_sdram_pll_stdsync_sv6 File: C:/Users/augh/Documents/FPRO/fpro/synthesis/submodules/fpro_sdram_pll.v Line: 98
    Info (12023): Found entity 3: fpro_sdram_pll_altpll_vg92 File: C:/Users/augh/Documents/FPRO/fpro/synthesis/submodules/fpro_sdram_pll.v Line: 130
    Info (12023): Found entity 4: fpro_sdram_pll File: C:/Users/augh/Documents/FPRO/fpro/synthesis/submodules/fpro_sdram_pll.v Line: 217
Info (12021): Found 2 design units, including 2 entities, in source file fpro/synthesis/submodules/fpro_sdram.v
    Info (12023): Found entity 1: fpro_sdram_input_efifo_module File: C:/Users/augh/Documents/FPRO/fpro/synthesis/submodules/fpro_sdram.v Line: 21
    Info (12023): Found entity 2: fpro_sdram File: C:/Users/augh/Documents/FPRO/fpro/synthesis/submodules/fpro_sdram.v Line: 159
Info (12021): Found 1 design units, including 1 entities, in source file fpro/synthesis/submodules/fpro_onchip_memory2_0.v
    Info (12023): Found entity 1: fpro_onchip_memory2_0 File: C:/Users/augh/Documents/FPRO/fpro/synthesis/submodules/fpro_onchip_memory2_0.v Line: 21
Info (12021): Found 1 design units, including 1 entities, in source file fpro/synthesis/submodules/fpro_nios2_gen2_0.v
    Info (12023): Found entity 1: fpro_nios2_gen2_0 File: C:/Users/augh/Documents/FPRO/fpro/synthesis/submodules/fpro_nios2_gen2_0.v Line: 9
Info (12021): Found 21 design units, including 21 entities, in source file fpro/synthesis/submodules/fpro_nios2_gen2_0_cpu.v
    Info (12023): Found entity 1: fpro_nios2_gen2_0_cpu_register_bank_a_module File: C:/Users/augh/Documents/FPRO/fpro/synthesis/submodules/fpro_nios2_gen2_0_cpu.v Line: 21
    Info (12023): Found entity 2: fpro_nios2_gen2_0_cpu_register_bank_b_module File: C:/Users/augh/Documents/FPRO/fpro/synthesis/submodules/fpro_nios2_gen2_0_cpu.v Line: 87
    Info (12023): Found entity 3: fpro_nios2_gen2_0_cpu_nios2_oci_debug File: C:/Users/augh/Documents/FPRO/fpro/synthesis/submodules/fpro_nios2_gen2_0_cpu.v Line: 153
    Info (12023): Found entity 4: fpro_nios2_gen2_0_cpu_nios2_oci_break File: C:/Users/augh/Documents/FPRO/fpro/synthesis/submodules/fpro_nios2_gen2_0_cpu.v Line: 295
    Info (12023): Found entity 5: fpro_nios2_gen2_0_cpu_nios2_oci_xbrk File: C:/Users/augh/Documents/FPRO/fpro/synthesis/submodules/fpro_nios2_gen2_0_cpu.v Line: 588
    Info (12023): Found entity 6: fpro_nios2_gen2_0_cpu_nios2_oci_dbrk File: C:/Users/augh/Documents/FPRO/fpro/synthesis/submodules/fpro_nios2_gen2_0_cpu.v Line: 795
    Info (12023): Found entity 7: fpro_nios2_gen2_0_cpu_nios2_oci_itrace File: C:/Users/augh/Documents/FPRO/fpro/synthesis/submodules/fpro_nios2_gen2_0_cpu.v Line: 982
    Info (12023): Found entity 8: fpro_nios2_gen2_0_cpu_nios2_oci_td_mode File: C:/Users/augh/Documents/FPRO/fpro/synthesis/submodules/fpro_nios2_gen2_0_cpu.v Line: 1115
    Info (12023): Found entity 9: fpro_nios2_gen2_0_cpu_nios2_oci_dtrace File: C:/Users/augh/Documents/FPRO/fpro/synthesis/submodules/fpro_nios2_gen2_0_cpu.v Line: 1183
    Info (12023): Found entity 10: fpro_nios2_gen2_0_cpu_nios2_oci_compute_input_tm_cnt File: C:/Users/augh/Documents/FPRO/fpro/synthesis/submodules/fpro_nios2_gen2_0_cpu.v Line: 1265
    Info (12023): Found entity 11: fpro_nios2_gen2_0_cpu_nios2_oci_fifo_wrptr_inc File: C:/Users/augh/Documents/FPRO/fpro/synthesis/submodules/fpro_nios2_gen2_0_cpu.v Line: 1337
    Info (12023): Found entity 12: fpro_nios2_gen2_0_cpu_nios2_oci_fifo_cnt_inc File: C:/Users/augh/Documents/FPRO/fpro/synthesis/submodules/fpro_nios2_gen2_0_cpu.v Line: 1380
    Info (12023): Found entity 13: fpro_nios2_gen2_0_cpu_nios2_oci_fifo File: C:/Users/augh/Documents/FPRO/fpro/synthesis/submodules/fpro_nios2_gen2_0_cpu.v Line: 1427
    Info (12023): Found entity 14: fpro_nios2_gen2_0_cpu_nios2_oci_pib File: C:/Users/augh/Documents/FPRO/fpro/synthesis/submodules/fpro_nios2_gen2_0_cpu.v Line: 1913
    Info (12023): Found entity 15: fpro_nios2_gen2_0_cpu_nios2_oci_im File: C:/Users/augh/Documents/FPRO/fpro/synthesis/submodules/fpro_nios2_gen2_0_cpu.v Line: 1936
    Info (12023): Found entity 16: fpro_nios2_gen2_0_cpu_nios2_performance_monitors File: C:/Users/augh/Documents/FPRO/fpro/synthesis/submodules/fpro_nios2_gen2_0_cpu.v Line: 2006
    Info (12023): Found entity 17: fpro_nios2_gen2_0_cpu_nios2_avalon_reg File: C:/Users/augh/Documents/FPRO/fpro/synthesis/submodules/fpro_nios2_gen2_0_cpu.v Line: 2023
    Info (12023): Found entity 18: fpro_nios2_gen2_0_cpu_ociram_sp_ram_module File: C:/Users/augh/Documents/FPRO/fpro/synthesis/submodules/fpro_nios2_gen2_0_cpu.v Line: 2116
    Info (12023): Found entity 19: fpro_nios2_gen2_0_cpu_nios2_ocimem File: C:/Users/augh/Documents/FPRO/fpro/synthesis/submodules/fpro_nios2_gen2_0_cpu.v Line: 2181
    Info (12023): Found entity 20: fpro_nios2_gen2_0_cpu_nios2_oci File: C:/Users/augh/Documents/FPRO/fpro/synthesis/submodules/fpro_nios2_gen2_0_cpu.v Line: 2362
    Info (12023): Found entity 21: fpro_nios2_gen2_0_cpu File: C:/Users/augh/Documents/FPRO/fpro/synthesis/submodules/fpro_nios2_gen2_0_cpu.v Line: 2834
Info (12021): Found 1 design units, including 1 entities, in source file fpro/synthesis/submodules/fpro_nios2_gen2_0_cpu_debug_slave_sysclk.v
    Info (12023): Found entity 1: fpro_nios2_gen2_0_cpu_debug_slave_sysclk File: C:/Users/augh/Documents/FPRO/fpro/synthesis/submodules/fpro_nios2_gen2_0_cpu_debug_slave_sysclk.v Line: 21
Info (12021): Found 1 design units, including 1 entities, in source file fpro/synthesis/submodules/fpro_nios2_gen2_0_cpu_debug_slave_tck.v
    Info (12023): Found entity 1: fpro_nios2_gen2_0_cpu_debug_slave_tck File: C:/Users/augh/Documents/FPRO/fpro/synthesis/submodules/fpro_nios2_gen2_0_cpu_debug_slave_tck.v Line: 21
Info (12021): Found 1 design units, including 1 entities, in source file fpro/synthesis/submodules/fpro_nios2_gen2_0_cpu_debug_slave_wrapper.v
    Info (12023): Found entity 1: fpro_nios2_gen2_0_cpu_debug_slave_wrapper File: C:/Users/augh/Documents/FPRO/fpro/synthesis/submodules/fpro_nios2_gen2_0_cpu_debug_slave_wrapper.v Line: 21
Info (12021): Found 1 design units, including 1 entities, in source file fpro/synthesis/submodules/fpro_nios2_gen2_0_cpu_test_bench.v
    Info (12023): Found entity 1: fpro_nios2_gen2_0_cpu_test_bench File: C:/Users/augh/Documents/FPRO/fpro/synthesis/submodules/fpro_nios2_gen2_0_cpu_test_bench.v Line: 21
Info (12021): Found 1 design units, including 1 entities, in source file fpro/synthesis/submodules/avalon_to_fpro_bridge.sv
    Info (12023): Found entity 1: avalon_to_fpro_bridge File: C:/Users/augh/Documents/FPRO/fpro/synthesis/submodules/avalon_to_fpro_bridge.sv Line: 1
Info (12021): Found 1 design units, including 1 entities, in source file chu_gpo.sv
    Info (12023): Found entity 1: chu_gpo File: C:/Users/augh/Documents/FPRO/chu_gpo.sv Line: 1
Info (12021): Found 1 design units, including 1 entities, in source file chu_timer.sv
    Info (12023): Found entity 1: chu_timer File: C:/Users/augh/Documents/FPRO/chu_timer.sv Line: 1
Info (12021): Found 1 design units, including 1 entities, in source file chu_mmio_controller.sv
    Info (12023): Found entity 1: chu_mmio_controller File: C:/Users/augh/Documents/FPRO/chu_mmio_controller.sv Line: 1
Info (12021): Found 1 design units, including 1 entities, in source file chu_gpi.sv
    Info (12023): Found entity 1: chu_gpi File: C:/Users/augh/Documents/FPRO/chu_gpi.sv Line: 1
Info (12021): Found 1 design units, including 1 entities, in source file mmio_sys_vanilla.sv
    Info (12023): Found entity 1: mmio_sys_vanilla File: C:/Users/augh/Documents/FPRO/mmio_sys_vanilla.sv Line: 2
Info (12021): Found 1 design units, including 1 entities, in source file baud_gen.sv
    Info (12023): Found entity 1: baud_gen File: C:/Users/augh/Documents/FPRO/baud_gen.sv Line: 1
Info (12021): Found 1 design units, including 1 entities, in source file uart_rx.sv
    Info (12023): Found entity 1: uart_rx File: C:/Users/augh/Documents/FPRO/uart_rx.sv Line: 1
Info (12021): Found 1 design units, including 1 entities, in source file uart_tx.sv
    Info (12023): Found entity 1: uart_tx File: C:/Users/augh/Documents/FPRO/uart_tx.sv Line: 1
Info (12021): Found 1 design units, including 1 entities, in source file fifocontroller.sv
    Info (12023): Found entity 1: fifoController File: C:/Users/augh/Documents/FPRO/fifoController.sv Line: 1
Info (12021): Found 1 design units, including 1 entities, in source file reg_file.sv
    Info (12023): Found entity 1: reg_file File: C:/Users/augh/Documents/FPRO/reg_file.sv Line: 1
Info (12021): Found 1 design units, including 1 entities, in source file fifo.sv
    Info (12023): Found entity 1: fifo File: C:/Users/augh/Documents/FPRO/fifo.sv Line: 1
Info (12021): Found 1 design units, including 1 entities, in source file uart.sv
    Info (12023): Found entity 1: uart File: C:/Users/augh/Documents/FPRO/uart.sv Line: 1
Info (12021): Found 1 design units, including 1 entities, in source file chu_uart.sv
    Info (12023): Found entity 1: chu_uart File: C:/Users/augh/Documents/FPRO/chu_uart.sv Line: 1
Info (12021): Found 1 design units, including 1 entities, in source file avalon_to_fpro_bridge.sv
    Info (12023): Found entity 1: avalon_to_fpro_bridge File: C:/Users/augh/Documents/FPRO/avalon_to_fpro_bridge.sv Line: 1
Info (12021): Found 1 design units, including 1 entities, in source file mcs_top_vanilla.sv
    Info (12023): Found entity 1: mcs_top_vanilla File: C:/Users/augh/Documents/FPRO/mcs_top_vanilla.sv Line: 1
Warning (10236): Verilog HDL Implicit Net warning at uart.sv(42): created implicit net for "wr_done_tick" File: C:/Users/augh/Documents/FPRO/uart.sv Line: 42
Warning (10236): Verilog HDL Implicit Net warning at mcs_top_vanilla.sv(44): created implicit net for "reset" File: C:/Users/augh/Documents/FPRO/mcs_top_vanilla.sv Line: 44
Warning (10037): Verilog HDL or VHDL warning at fpro_sdram.v(318): conditional expression evaluates to a constant File: C:/Users/augh/Documents/FPRO/fpro/synthesis/submodules/fpro_sdram.v Line: 318
Warning (10037): Verilog HDL or VHDL warning at fpro_sdram.v(328): conditional expression evaluates to a constant File: C:/Users/augh/Documents/FPRO/fpro/synthesis/submodules/fpro_sdram.v Line: 328
Warning (10037): Verilog HDL or VHDL warning at fpro_sdram.v(338): conditional expression evaluates to a constant File: C:/Users/augh/Documents/FPRO/fpro/synthesis/submodules/fpro_sdram.v Line: 338
Warning (10037): Verilog HDL or VHDL warning at fpro_sdram.v(682): conditional expression evaluates to a constant File: C:/Users/augh/Documents/FPRO/fpro/synthesis/submodules/fpro_sdram.v Line: 682
Info (12127): Elaborating entity "mcs_top_vanilla" for the top level hierarchy
Warning (10034): Output port "HEX0" at mcs_top_vanilla.sv(18) has no driver File: C:/Users/augh/Documents/FPRO/mcs_top_vanilla.sv Line: 18
Warning (10034): Output port "HEX1" at mcs_top_vanilla.sv(19) has no driver File: C:/Users/augh/Documents/FPRO/mcs_top_vanilla.sv Line: 19
Warning (10034): Output port "HEX2" at mcs_top_vanilla.sv(20) has no driver File: C:/Users/augh/Documents/FPRO/mcs_top_vanilla.sv Line: 20
Warning (10034): Output port "HEX3" at mcs_top_vanilla.sv(21) has no driver File: C:/Users/augh/Documents/FPRO/mcs_top_vanilla.sv Line: 21
Warning (10034): Output port "HEX4" at mcs_top_vanilla.sv(22) has no driver File: C:/Users/augh/Documents/FPRO/mcs_top_vanilla.sv Line: 22
Warning (10034): Output port "HEX5" at mcs_top_vanilla.sv(23) has no driver File: C:/Users/augh/Documents/FPRO/mcs_top_vanilla.sv Line: 23
Info (12128): Elaborating entity "mmio_sys_vanilla" for hierarchy "mmio_sys_vanilla:mmio_unit" File: C:/Users/augh/Documents/FPRO/mcs_top_vanilla.sv Line: 65
Info (12128): Elaborating entity "chu_mmio_controller" for hierarchy "mmio_sys_vanilla:mmio_unit|chu_mmio_controller:ctrl_unit" File: C:/Users/augh/Documents/FPRO/mmio_sys_vanilla.sv Line: 50
Info (12128): Elaborating entity "chu_timer" for hierarchy "mmio_sys_vanilla:mmio_unit|chu_timer:timer_slot0" File: C:/Users/augh/Documents/FPRO/mmio_sys_vanilla.sv Line: 63
Info (12128): Elaborating entity "chu_uart" for hierarchy "mmio_sys_vanilla:mmio_unit|chu_uart:uart_slot1" File: C:/Users/augh/Documents/FPRO/mmio_sys_vanilla.sv Line: 78
Warning (10030): Net "rx" at chu_uart.sv(17) has no driver or initial value, using a default initial value '0' File: C:/Users/augh/Documents/FPRO/chu_uart.sv Line: 17
Info (12128): Elaborating entity "uart" for hierarchy "mmio_sys_vanilla:mmio_unit|chu_uart:uart_slot1|uart:uart_unit" File: C:/Users/augh/Documents/FPRO/chu_uart.sv Line: 31
Warning (10030): Net "wr_done_tick" at uart.sv(42) has no driver or initial value, using a default initial value '0' File: C:/Users/augh/Documents/FPRO/uart.sv Line: 42
Info (12128): Elaborating entity "baud_gen" for hierarchy "mmio_sys_vanilla:mmio_unit|chu_uart:uart_slot1|uart:uart_unit|baud_gen:baud_gen_unit" File: C:/Users/augh/Documents/FPRO/uart.sv Line: 21
Warning (10230): Verilog HDL assignment warning at baud_gen.sv(21): truncated value with size 32 to match size of target (11) File: C:/Users/augh/Documents/FPRO/baud_gen.sv Line: 21
Info (12128): Elaborating entity "uart_rx" for hierarchy "mmio_sys_vanilla:mmio_unit|chu_uart:uart_slot1|uart:uart_unit|uart_rx:uart_rx_unit" File: C:/Users/augh/Documents/FPRO/uart.sv Line: 28
Warning (10230): Verilog HDL assignment warning at uart_rx.sv(59): truncated value with size 32 to match size of target (4) File: C:/Users/augh/Documents/FPRO/uart_rx.sv Line: 59
Warning (10230): Verilog HDL assignment warning at uart_rx.sv(68): truncated value with size 32 to match size of target (3) File: C:/Users/augh/Documents/FPRO/uart_rx.sv Line: 68
Warning (10230): Verilog HDL assignment warning at uart_rx.sv(71): truncated value with size 32 to match size of target (4) File: C:/Users/augh/Documents/FPRO/uart_rx.sv Line: 71
Warning (10230): Verilog HDL assignment warning at uart_rx.sv(79): truncated value with size 32 to match size of target (4) File: C:/Users/augh/Documents/FPRO/uart_rx.sv Line: 79
Info (12128): Elaborating entity "uart_tx" for hierarchy "mmio_sys_vanilla:mmio_unit|chu_uart:uart_slot1|uart:uart_unit|uart_tx:uart_tx_unit" File: C:/Users/augh/Documents/FPRO/uart.sv Line: 36
Warning (10230): Verilog HDL assignment warning at uart_tx.sv(68): truncated value with size 32 to match size of target (4) File: C:/Users/augh/Documents/FPRO/uart_tx.sv Line: 68
Warning (10230): Verilog HDL assignment warning at uart_tx.sv(79): truncated value with size 32 to match size of target (3) File: C:/Users/augh/Documents/FPRO/uart_tx.sv Line: 79
Warning (10230): Verilog HDL assignment warning at uart_tx.sv(82): truncated value with size 32 to match size of target (4) File: C:/Users/augh/Documents/FPRO/uart_tx.sv Line: 82
Warning (10230): Verilog HDL assignment warning at uart_tx.sv(92): truncated value with size 32 to match size of target (4) File: C:/Users/augh/Documents/FPRO/uart_tx.sv Line: 92
Info (12128): Elaborating entity "fifo" for hierarchy "mmio_sys_vanilla:mmio_unit|chu_uart:uart_slot1|uart:uart_unit|fifo:fifo_rx_unit" File: C:/Users/augh/Documents/FPRO/uart.sv Line: 47
Info (12128): Elaborating entity "fifoController" for hierarchy "mmio_sys_vanilla:mmio_unit|chu_uart:uart_slot1|uart:uart_unit|fifo:fifo_rx_unit|fifoController:c_unit" File: C:/Users/augh/Documents/FPRO/fifo.sv Line: 27
Warning (10230): Verilog HDL assignment warning at fifoController.sv(36): truncated value with size 32 to match size of target (8) File: C:/Users/augh/Documents/FPRO/fifoController.sv Line: 36
Warning (10230): Verilog HDL assignment warning at fifoController.sv(37): truncated value with size 32 to match size of target (8) File: C:/Users/augh/Documents/FPRO/fifoController.sv Line: 37
Info (12128): Elaborating entity "reg_file" for hierarchy "mmio_sys_vanilla:mmio_unit|chu_uart:uart_slot1|uart:uart_unit|fifo:fifo_rx_unit|reg_file:reg_unit" File: C:/Users/augh/Documents/FPRO/fifo.sv Line: 32
Info (12128): Elaborating entity "chu_gpo" for hierarchy "mmio_sys_vanilla:mmio_unit|chu_gpo:gpo_slot2" File: C:/Users/augh/Documents/FPRO/mmio_sys_vanilla.sv Line: 92
Info (12128): Elaborating entity "chu_gpi" for hierarchy "mmio_sys_vanilla:mmio_unit|chu_gpi:gpi_slot3" File: C:/Users/augh/Documents/FPRO/mmio_sys_vanilla.sv Line: 106
Warning (10030): Net "din" at chu_gpi.sv(17) has no driver or initial value, using a default initial value '0' File: C:/Users/augh/Documents/FPRO/chu_gpi.sv Line: 17
Info (12128): Elaborating entity "fpro" for hierarchy "fpro:u0" File: C:/Users/augh/Documents/FPRO/mcs_top_vanilla.sv Line: 93
Info (12128): Elaborating entity "avalon_to_fpro_bridge" for hierarchy "fpro:u0|avalon_to_fpro_bridge:avalon_to_fpro_bridge_0" File: C:/Users/augh/Documents/FPRO/fpro/synthesis/fpro.v Line: 109
Info (12128): Elaborating entity "fpro_nios2_gen2_0" for hierarchy "fpro:u0|fpro_nios2_gen2_0:nios2_gen2_0" File: C:/Users/augh/Documents/FPRO/fpro/synthesis/fpro.v Line: 138
Info (12128): Elaborating entity "fpro_nios2_gen2_0_cpu" for hierarchy "fpro:u0|fpro_nios2_gen2_0:nios2_gen2_0|fpro_nios2_gen2_0_cpu:cpu" File: C:/Users/augh/Documents/FPRO/fpro/synthesis/submodules/fpro_nios2_gen2_0.v Line: 65
Info (12128): Elaborating entity "fpro_nios2_gen2_0_cpu_test_bench" for hierarchy "fpro:u0|fpro_nios2_gen2_0:nios2_gen2_0|fpro_nios2_gen2_0_cpu:cpu|fpro_nios2_gen2_0_cpu_test_bench:the_fpro_nios2_gen2_0_cpu_test_bench" File: C:/Users/augh/Documents/FPRO/fpro/synthesis/submodules/fpro_nios2_gen2_0_cpu.v Line: 3546
Info (12128): Elaborating entity "fpro_nios2_gen2_0_cpu_register_bank_a_module" for hierarchy "fpro:u0|fpro_nios2_gen2_0:nios2_gen2_0|fpro_nios2_gen2_0_cpu:cpu|fpro_nios2_gen2_0_cpu_register_bank_a_module:fpro_nios2_gen2_0_cpu_register_bank_a" File: C:/Users/augh/Documents/FPRO/fpro/synthesis/submodules/fpro_nios2_gen2_0_cpu.v Line: 4063
Info (12128): Elaborating entity "altsyncram" for hierarchy "fpro:u0|fpro_nios2_gen2_0:nios2_gen2_0|fpro_nios2_gen2_0_cpu:cpu|fpro_nios2_gen2_0_cpu_register_bank_a_module:fpro_nios2_gen2_0_cpu_register_bank_a|altsyncram:the_altsyncram" File: C:/Users/augh/Documents/FPRO/fpro/synthesis/submodules/fpro_nios2_gen2_0_cpu.v Line: 58
Info (12130): Elaborated megafunction instantiation "fpro:u0|fpro_nios2_gen2_0:nios2_gen2_0|fpro_nios2_gen2_0_cpu:cpu|fpro_nios2_gen2_0_cpu_register_bank_a_module:fpro_nios2_gen2_0_cpu_register_bank_a|altsyncram:the_altsyncram" File: C:/Users/augh/Documents/FPRO/fpro/synthesis/submodules/fpro_nios2_gen2_0_cpu.v Line: 58
Info (12133): Instantiated megafunction "fpro:u0|fpro_nios2_gen2_0:nios2_gen2_0|fpro_nios2_gen2_0_cpu:cpu|fpro_nios2_gen2_0_cpu_register_bank_a_module:fpro_nios2_gen2_0_cpu_register_bank_a|altsyncram:the_altsyncram" with the following parameter: File: C:/Users/augh/Documents/FPRO/fpro/synthesis/submodules/fpro_nios2_gen2_0_cpu.v Line: 58
    Info (12134): Parameter "address_reg_b" = "CLOCK0"
    Info (12134): Parameter "init_file" = "UNUSED"
    Info (12134): Parameter "maximum_depth" = "0"
    Info (12134): Parameter "numwords_a" = "32"
    Info (12134): Parameter "numwords_b" = "32"
    Info (12134): Parameter "operation_mode" = "DUAL_PORT"
    Info (12134): Parameter "outdata_reg_b" = "UNREGISTERED"
    Info (12134): Parameter "ram_block_type" = "AUTO"
    Info (12134): Parameter "rdcontrol_reg_b" = "CLOCK0"
    Info (12134): Parameter "read_during_write_mode_mixed_ports" = "DONT_CARE"
    Info (12134): Parameter "width_a" = "32"
    Info (12134): Parameter "width_b" = "32"
    Info (12134): Parameter "widthad_a" = "5"
    Info (12134): Parameter "widthad_b" = "5"
Info (12021): Found 1 design units, including 1 entities, in source file db/altsyncram_s0c1.tdf
    Info (12023): Found entity 1: altsyncram_s0c1 File: C:/Users/augh/Documents/FPRO/db/altsyncram_s0c1.tdf Line: 27
Info (12128): Elaborating entity "altsyncram_s0c1" for hierarchy "fpro:u0|fpro_nios2_gen2_0:nios2_gen2_0|fpro_nios2_gen2_0_cpu:cpu|fpro_nios2_gen2_0_cpu_register_bank_a_module:fpro_nios2_gen2_0_cpu_register_bank_a|altsyncram:the_altsyncram|altsyncram_s0c1:auto_generated" File: c:/intelfpga_lite/18.1/quartus/libraries/megafunctions/altsyncram.tdf Line: 791
Info (12128): Elaborating entity "fpro_nios2_gen2_0_cpu_register_bank_b_module" for hierarchy "fpro:u0|fpro_nios2_gen2_0:nios2_gen2_0|fpro_nios2_gen2_0_cpu:cpu|fpro_nios2_gen2_0_cpu_register_bank_b_module:fpro_nios2_gen2_0_cpu_register_bank_b" File: C:/Users/augh/Documents/FPRO/fpro/synthesis/submodules/fpro_nios2_gen2_0_cpu.v Line: 4081
Info (12128): Elaborating entity "fpro_nios2_gen2_0_cpu_nios2_oci" for hierarchy "fpro:u0|fpro_nios2_gen2_0:nios2_gen2_0|fpro_nios2_gen2_0_cpu:cpu|fpro_nios2_gen2_0_cpu_nios2_oci:the_fpro_nios2_gen2_0_cpu_nios2_oci" File: C:/Users/augh/Documents/FPRO/fpro/synthesis/submodules/fpro_nios2_gen2_0_cpu.v Line: 4577
Info (12128): Elaborating entity "fpro_nios2_gen2_0_cpu_nios2_oci_debug" for hierarchy "fpro:u0|fpro_nios2_gen2_0:nios2_gen2_0|fpro_nios2_gen2_0_cpu:cpu|fpro_nios2_gen2_0_cpu_nios2_oci:the_fpro_nios2_gen2_0_cpu_nios2_oci|fpro_nios2_gen2_0_cpu_nios2_oci_debug:the_fpro_nios2_gen2_0_cpu_nios2_oci_debug" File: C:/Users/augh/Documents/FPRO/fpro/synthesis/submodules/fpro_nios2_gen2_0_cpu.v Line: 2531
Info (12128): Elaborating entity "altera_std_synchronizer" for hierarchy "fpro:u0|fpro_nios2_gen2_0:nios2_gen2_0|fpro_nios2_gen2_0_cpu:cpu|fpro_nios2_gen2_0_cpu_nios2_oci:the_fpro_nios2_gen2_0_cpu_nios2_oci|fpro_nios2_gen2_0_cpu_nios2_oci_debug:the_fpro_nios2_gen2_0_cpu_nios2_oci_debug|altera_std_synchronizer:the_altera_std_synchronizer" File: C:/Users/augh/Documents/FPRO/fpro/synthesis/submodules/fpro_nios2_gen2_0_cpu.v Line: 220
Info (12130): Elaborated megafunction instantiation "fpro:u0|fpro_nios2_gen2_0:nios2_gen2_0|fpro_nios2_gen2_0_cpu:cpu|fpro_nios2_gen2_0_cpu_nios2_oci:the_fpro_nios2_gen2_0_cpu_nios2_oci|fpro_nios2_gen2_0_cpu_nios2_oci_debug:the_fpro_nios2_gen2_0_cpu_nios2_oci_debug|altera_std_synchronizer:the_altera_std_synchronizer" File: C:/Users/augh/Documents/FPRO/fpro/synthesis/submodules/fpro_nios2_gen2_0_cpu.v Line: 220
Info (12133): Instantiated megafunction "fpro:u0|fpro_nios2_gen2_0:nios2_gen2_0|fpro_nios2_gen2_0_cpu:cpu|fpro_nios2_gen2_0_cpu_nios2_oci:the_fpro_nios2_gen2_0_cpu_nios2_oci|fpro_nios2_gen2_0_cpu_nios2_oci_debug:the_fpro_nios2_gen2_0_cpu_nios2_oci_debug|altera_std_synchronizer:the_altera_std_synchronizer" with the following parameter: File: C:/Users/augh/Documents/FPRO/fpro/synthesis/submodules/fpro_nios2_gen2_0_cpu.v Line: 220
    Info (12134): Parameter "depth" = "2"
Info (12128): Elaborating entity "fpro_nios2_gen2_0_cpu_nios2_oci_break" for hierarchy "fpro:u0|fpro_nios2_gen2_0:nios2_gen2_0|fpro_nios2_gen2_0_cpu:cpu|fpro_nios2_gen2_0_cpu_nios2_oci:the_fpro_nios2_gen2_0_cpu_nios2_oci|fpro_nios2_gen2_0_cpu_nios2_oci_break:the_fpro_nios2_gen2_0_cpu_nios2_oci_break" File: C:/Users/augh/Documents/FPRO/fpro/synthesis/submodules/fpro_nios2_gen2_0_cpu.v Line: 2561
Info (12128): Elaborating entity "fpro_nios2_gen2_0_cpu_nios2_oci_xbrk" for hierarchy "fpro:u0|fpro_nios2_gen2_0:nios2_gen2_0|fpro_nios2_gen2_0_cpu:cpu|fpro_nios2_gen2_0_cpu_nios2_oci:the_fpro_nios2_gen2_0_cpu_nios2_oci|fpro_nios2_gen2_0_cpu_nios2_oci_xbrk:the_fpro_nios2_gen2_0_cpu_nios2_oci_xbrk" File: C:/Users/augh/Documents/FPRO/fpro/synthesis/submodules/fpro_nios2_gen2_0_cpu.v Line: 2582
Info (12128): Elaborating entity "fpro_nios2_gen2_0_cpu_nios2_oci_dbrk" for hierarchy "fpro:u0|fpro_nios2_gen2_0:nios2_gen2_0|fpro_nios2_gen2_0_cpu:cpu|fpro_nios2_gen2_0_cpu_nios2_oci:the_fpro_nios2_gen2_0_cpu_nios2_oci|fpro_nios2_gen2_0_cpu_nios2_oci_dbrk:the_fpro_nios2_gen2_0_cpu_nios2_oci_dbrk" File: C:/Users/augh/Documents/FPRO/fpro/synthesis/submodules/fpro_nios2_gen2_0_cpu.v Line: 2608
Info (12128): Elaborating entity "fpro_nios2_gen2_0_cpu_nios2_oci_itrace" for hierarchy "fpro:u0|fpro_nios2_gen2_0:nios2_gen2_0|fpro_nios2_gen2_0_cpu:cpu|fpro_nios2_gen2_0_cpu_nios2_oci:the_fpro_nios2_gen2_0_cpu_nios2_oci|fpro_nios2_gen2_0_cpu_nios2_oci_itrace:the_fpro_nios2_gen2_0_cpu_nios2_oci_itrace" File: C:/Users/augh/Documents/FPRO/fpro/synthesis/submodules/fpro_nios2_gen2_0_cpu.v Line: 2624
Info (12128): Elaborating entity "fpro_nios2_gen2_0_cpu_nios2_oci_dtrace" for hierarchy "fpro:u0|fpro_nios2_gen2_0:nios2_gen2_0|fpro_nios2_gen2_0_cpu:cpu|fpro_nios2_gen2_0_cpu_nios2_oci:the_fpro_nios2_gen2_0_cpu_nios2_oci|fpro_nios2_gen2_0_cpu_nios2_oci_dtrace:the_fpro_nios2_gen2_0_cpu_nios2_oci_dtrace" File: C:/Users/augh/Documents/FPRO/fpro/synthesis/submodules/fpro_nios2_gen2_0_cpu.v Line: 2639
Info (12128): Elaborating entity "fpro_nios2_gen2_0_cpu_nios2_oci_td_mode" for hierarchy "fpro:u0|fpro_nios2_gen2_0:nios2_gen2_0|fpro_nios2_gen2_0_cpu:cpu|fpro_nios2_gen2_0_cpu_nios2_oci:the_fpro_nios2_gen2_0_cpu_nios2_oci|fpro_nios2_gen2_0_cpu_nios2_oci_dtrace:the_fpro_nios2_gen2_0_cpu_nios2_oci_dtrace|fpro_nios2_gen2_0_cpu_nios2_oci_td_mode:fpro_nios2_gen2_0_cpu_nios2_oci_trc_ctrl_td_mode" File: C:/Users/augh/Documents/FPRO/fpro/synthesis/submodules/fpro_nios2_gen2_0_cpu.v Line: 1233
Info (12128): Elaborating entity "fpro_nios2_gen2_0_cpu_nios2_oci_fifo" for hierarchy "fpro:u0|fpro_nios2_gen2_0:nios2_gen2_0|fpro_nios2_gen2_0_cpu:cpu|fpro_nios2_gen2_0_cpu_nios2_oci:the_fpro_nios2_gen2_0_cpu_nios2_oci|fpro_nios2_gen2_0_cpu_nios2_oci_fifo:the_fpro_nios2_gen2_0_cpu_nios2_oci_fifo" File: C:/Users/augh/Documents/FPRO/fpro/synthesis/submodules/fpro_nios2_gen2_0_cpu.v Line: 2654
Info (12128): Elaborating entity "fpro_nios2_gen2_0_cpu_nios2_oci_compute_input_tm_cnt" for hierarchy "fpro:u0|fpro_nios2_gen2_0:nios2_gen2_0|fpro_nios2_gen2_0_cpu:cpu|fpro_nios2_gen2_0_cpu_nios2_oci:the_fpro_nios2_gen2_0_cpu_nios2_oci|fpro_nios2_gen2_0_cpu_nios2_oci_fifo:the_fpro_nios2_gen2_0_cpu_nios2_oci_fifo|fpro_nios2_gen2_0_cpu_nios2_oci_compute_input_tm_cnt:the_fpro_nios2_gen2_0_cpu_nios2_oci_compute_input_tm_cnt" File: C:/Users/augh/Documents/FPRO/fpro/synthesis/submodules/fpro_nios2_gen2_0_cpu.v Line: 1546
Info (12128): Elaborating entity "fpro_nios2_gen2_0_cpu_nios2_oci_fifo_wrptr_inc" for hierarchy "fpro:u0|fpro_nios2_gen2_0:nios2_gen2_0|fpro_nios2_gen2_0_cpu:cpu|fpro_nios2_gen2_0_cpu_nios2_oci:the_fpro_nios2_gen2_0_cpu_nios2_oci|fpro_nios2_gen2_0_cpu_nios2_oci_fifo:the_fpro_nios2_gen2_0_cpu_nios2_oci_fifo|fpro_nios2_gen2_0_cpu_nios2_oci_fifo_wrptr_inc:the_fpro_nios2_gen2_0_cpu_nios2_oci_fifo_wrptr_inc" File: C:/Users/augh/Documents/FPRO/fpro/synthesis/submodules/fpro_nios2_gen2_0_cpu.v Line: 1555
Info (12128): Elaborating entity "fpro_nios2_gen2_0_cpu_nios2_oci_fifo_cnt_inc" for hierarchy "fpro:u0|fpro_nios2_gen2_0:nios2_gen2_0|fpro_nios2_gen2_0_cpu:cpu|fpro_nios2_gen2_0_cpu_nios2_oci:the_fpro_nios2_gen2_0_cpu_nios2_oci|fpro_nios2_gen2_0_cpu_nios2_oci_fifo:the_fpro_nios2_gen2_0_cpu_nios2_oci_fifo|fpro_nios2_gen2_0_cpu_nios2_oci_fifo_cnt_inc:the_fpro_nios2_gen2_0_cpu_nios2_oci_fifo_cnt_inc" File: C:/Users/augh/Documents/FPRO/fpro/synthesis/submodules/fpro_nios2_gen2_0_cpu.v Line: 1564
Info (12128): Elaborating entity "fpro_nios2_gen2_0_cpu_nios2_oci_pib" for hierarchy "fpro:u0|fpro_nios2_gen2_0:nios2_gen2_0|fpro_nios2_gen2_0_cpu:cpu|fpro_nios2_gen2_0_cpu_nios2_oci:the_fpro_nios2_gen2_0_cpu_nios2_oci|fpro_nios2_gen2_0_cpu_nios2_oci_pib:the_fpro_nios2_gen2_0_cpu_nios2_oci_pib" File: C:/Users/augh/Documents/FPRO/fpro/synthesis/submodules/fpro_nios2_gen2_0_cpu.v Line: 2659
Info (12128): Elaborating entity "fpro_nios2_gen2_0_cpu_nios2_oci_im" for hierarchy "fpro:u0|fpro_nios2_gen2_0:nios2_gen2_0|fpro_nios2_gen2_0_cpu:cpu|fpro_nios2_gen2_0_cpu_nios2_oci:the_fpro_nios2_gen2_0_cpu_nios2_oci|fpro_nios2_gen2_0_cpu_nios2_oci_im:the_fpro_nios2_gen2_0_cpu_nios2_oci_im" File: C:/Users/augh/Documents/FPRO/fpro/synthesis/submodules/fpro_nios2_gen2_0_cpu.v Line: 2673
Info (12128): Elaborating entity "fpro_nios2_gen2_0_cpu_nios2_avalon_reg" for hierarchy "fpro:u0|fpro_nios2_gen2_0:nios2_gen2_0|fpro_nios2_gen2_0_cpu:cpu|fpro_nios2_gen2_0_cpu_nios2_oci:the_fpro_nios2_gen2_0_cpu_nios2_oci|fpro_nios2_gen2_0_cpu_nios2_avalon_reg:the_fpro_nios2_gen2_0_cpu_nios2_avalon_reg" File: C:/Users/augh/Documents/FPRO/fpro/synthesis/submodules/fpro_nios2_gen2_0_cpu.v Line: 2692
Info (12128): Elaborating entity "fpro_nios2_gen2_0_cpu_nios2_ocimem" for hierarchy "fpro:u0|fpro_nios2_gen2_0:nios2_gen2_0|fpro_nios2_gen2_0_cpu:cpu|fpro_nios2_gen2_0_cpu_nios2_oci:the_fpro_nios2_gen2_0_cpu_nios2_oci|fpro_nios2_gen2_0_cpu_nios2_ocimem:the_fpro_nios2_gen2_0_cpu_nios2_ocimem" File: C:/Users/augh/Documents/FPRO/fpro/synthesis/submodules/fpro_nios2_gen2_0_cpu.v Line: 2712
Info (12128): Elaborating entity "fpro_nios2_gen2_0_cpu_ociram_sp_ram_module" for hierarchy "fpro:u0|fpro_nios2_gen2_0:nios2_gen2_0|fpro_nios2_gen2_0_cpu:cpu|fpro_nios2_gen2_0_cpu_nios2_oci:the_fpro_nios2_gen2_0_cpu_nios2_oci|fpro_nios2_gen2_0_cpu_nios2_ocimem:the_fpro_nios2_gen2_0_cpu_nios2_ocimem|fpro_nios2_gen2_0_cpu_ociram_sp_ram_module:fpro_nios2_gen2_0_cpu_ociram_sp_ram" File: C:/Users/augh/Documents/FPRO/fpro/synthesis/submodules/fpro_nios2_gen2_0_cpu.v Line: 2332
Info (12128): Elaborating entity "altsyncram" for hierarchy "fpro:u0|fpro_nios2_gen2_0:nios2_gen2_0|fpro_nios2_gen2_0_cpu:cpu|fpro_nios2_gen2_0_cpu_nios2_oci:the_fpro_nios2_gen2_0_cpu_nios2_oci|fpro_nios2_gen2_0_cpu_nios2_ocimem:the_fpro_nios2_gen2_0_cpu_nios2_ocimem|fpro_nios2_gen2_0_cpu_ociram_sp_ram_module:fpro_nios2_gen2_0_cpu_ociram_sp_ram|altsyncram:the_altsyncram" File: C:/Users/augh/Documents/FPRO/fpro/synthesis/submodules/fpro_nios2_gen2_0_cpu.v Line: 2156
Info (12130): Elaborated megafunction instantiation "fpro:u0|fpro_nios2_gen2_0:nios2_gen2_0|fpro_nios2_gen2_0_cpu:cpu|fpro_nios2_gen2_0_cpu_nios2_oci:the_fpro_nios2_gen2_0_cpu_nios2_oci|fpro_nios2_gen2_0_cpu_nios2_ocimem:the_fpro_nios2_gen2_0_cpu_nios2_ocimem|fpro_nios2_gen2_0_cpu_ociram_sp_ram_module:fpro_nios2_gen2_0_cpu_ociram_sp_ram|altsyncram:the_altsyncram" File: C:/Users/augh/Documents/FPRO/fpro/synthesis/submodules/fpro_nios2_gen2_0_cpu.v Line: 2156
Info (12133): Instantiated megafunction "fpro:u0|fpro_nios2_gen2_0:nios2_gen2_0|fpro_nios2_gen2_0_cpu:cpu|fpro_nios2_gen2_0_cpu_nios2_oci:the_fpro_nios2_gen2_0_cpu_nios2_oci|fpro_nios2_gen2_0_cpu_nios2_ocimem:the_fpro_nios2_gen2_0_cpu_nios2_ocimem|fpro_nios2_gen2_0_cpu_ociram_sp_ram_module:fpro_nios2_gen2_0_cpu_ociram_sp_ram|altsyncram:the_altsyncram" with the following parameter: File: C:/Users/augh/Documents/FPRO/fpro/synthesis/submodules/fpro_nios2_gen2_0_cpu.v Line: 2156
    Info (12134): Parameter "init_file" = "UNUSED"
    Info (12134): Parameter "maximum_depth" = "0"
    Info (12134): Parameter "numwords_a" = "256"
    Info (12134): Parameter "operation_mode" = "SINGLE_PORT"
    Info (12134): Parameter "outdata_reg_a" = "UNREGISTERED"
    Info (12134): Parameter "ram_block_type" = "AUTO"
    Info (12134): Parameter "read_during_write_mode_port_a" = "DONT_CARE"
    Info (12134): Parameter "width_a" = "32"
    Info (12134): Parameter "width_byteena_a" = "4"
    Info (12134): Parameter "widthad_a" = "8"
Info (12021): Found 1 design units, including 1 entities, in source file db/altsyncram_0n61.tdf
    Info (12023): Found entity 1: altsyncram_0n61 File: C:/Users/augh/Documents/FPRO/db/altsyncram_0n61.tdf Line: 27
Info (12128): Elaborating entity "altsyncram_0n61" for hierarchy "fpro:u0|fpro_nios2_gen2_0:nios2_gen2_0|fpro_nios2_gen2_0_cpu:cpu|fpro_nios2_gen2_0_cpu_nios2_oci:the_fpro_nios2_gen2_0_cpu_nios2_oci|fpro_nios2_gen2_0_cpu_nios2_ocimem:the_fpro_nios2_gen2_0_cpu_nios2_ocimem|fpro_nios2_gen2_0_cpu_ociram_sp_ram_module:fpro_nios2_gen2_0_cpu_ociram_sp_ram|altsyncram:the_altsyncram|altsyncram_0n61:auto_generated" File: c:/intelfpga_lite/18.1/quartus/libraries/megafunctions/altsyncram.tdf Line: 791
Info (12128): Elaborating entity "fpro_nios2_gen2_0_cpu_debug_slave_wrapper" for hierarchy "fpro:u0|fpro_nios2_gen2_0:nios2_gen2_0|fpro_nios2_gen2_0_cpu:cpu|fpro_nios2_gen2_0_cpu_nios2_oci:the_fpro_nios2_gen2_0_cpu_nios2_oci|fpro_nios2_gen2_0_cpu_debug_slave_wrapper:the_fpro_nios2_gen2_0_cpu_debug_slave_wrapper" File: C:/Users/augh/Documents/FPRO/fpro/synthesis/submodules/fpro_nios2_gen2_0_cpu.v Line: 2814
Info (12128): Elaborating entity "fpro_nios2_gen2_0_cpu_debug_slave_tck" for hierarchy "fpro:u0|fpro_nios2_gen2_0:nios2_gen2_0|fpro_nios2_gen2_0_cpu:cpu|fpro_nios2_gen2_0_cpu_nios2_oci:the_fpro_nios2_gen2_0_cpu_nios2_oci|fpro_nios2_gen2_0_cpu_debug_slave_wrapper:the_fpro_nios2_gen2_0_cpu_debug_slave_wrapper|fpro_nios2_gen2_0_cpu_debug_slave_tck:the_fpro_nios2_gen2_0_cpu_debug_slave_tck" File: C:/Users/augh/Documents/FPRO/fpro/synthesis/submodules/fpro_nios2_gen2_0_cpu_debug_slave_wrapper.v Line: 157
Info (12128): Elaborating entity "fpro_nios2_gen2_0_cpu_debug_slave_sysclk" for hierarchy "fpro:u0|fpro_nios2_gen2_0:nios2_gen2_0|fpro_nios2_gen2_0_cpu:cpu|fpro_nios2_gen2_0_cpu_nios2_oci:the_fpro_nios2_gen2_0_cpu_nios2_oci|fpro_nios2_gen2_0_cpu_debug_slave_wrapper:the_fpro_nios2_gen2_0_cpu_debug_slave_wrapper|fpro_nios2_gen2_0_cpu_debug_slave_sysclk:the_fpro_nios2_gen2_0_cpu_debug_slave_sysclk" File: C:/Users/augh/Documents/FPRO/fpro/synthesis/submodules/fpro_nios2_gen2_0_cpu_debug_slave_wrapper.v Line: 177
Info (12128): Elaborating entity "sld_virtual_jtag_basic" for hierarchy "fpro:u0|fpro_nios2_gen2_0:nios2_gen2_0|fpro_nios2_gen2_0_cpu:cpu|fpro_nios2_gen2_0_cpu_nios2_oci:the_fpro_nios2_gen2_0_cpu_nios2_oci|fpro_nios2_gen2_0_cpu_debug_slave_wrapper:the_fpro_nios2_gen2_0_cpu_debug_slave_wrapper|sld_virtual_jtag_basic:fpro_nios2_gen2_0_cpu_debug_slave_phy" File: C:/Users/augh/Documents/FPRO/fpro/synthesis/submodules/fpro_nios2_gen2_0_cpu_debug_slave_wrapper.v Line: 207
Info (12130): Elaborated megafunction instantiation "fpro:u0|fpro_nios2_gen2_0:nios2_gen2_0|fpro_nios2_gen2_0_cpu:cpu|fpro_nios2_gen2_0_cpu_nios2_oci:the_fpro_nios2_gen2_0_cpu_nios2_oci|fpro_nios2_gen2_0_cpu_debug_slave_wrapper:the_fpro_nios2_gen2_0_cpu_debug_slave_wrapper|sld_virtual_jtag_basic:fpro_nios2_gen2_0_cpu_debug_slave_phy" File: C:/Users/augh/Documents/FPRO/fpro/synthesis/submodules/fpro_nios2_gen2_0_cpu_debug_slave_wrapper.v Line: 207
Info (12133): Instantiated megafunction "fpro:u0|fpro_nios2_gen2_0:nios2_gen2_0|fpro_nios2_gen2_0_cpu:cpu|fpro_nios2_gen2_0_cpu_nios2_oci:the_fpro_nios2_gen2_0_cpu_nios2_oci|fpro_nios2_gen2_0_cpu_debug_slave_wrapper:the_fpro_nios2_gen2_0_cpu_debug_slave_wrapper|sld_virtual_jtag_basic:fpro_nios2_gen2_0_cpu_debug_slave_phy" with the following parameter: File: C:/Users/augh/Documents/FPRO/fpro/synthesis/submodules/fpro_nios2_gen2_0_cpu_debug_slave_wrapper.v Line: 207
    Info (12134): Parameter "sld_auto_instance_index" = "YES"
    Info (12134): Parameter "sld_instance_index" = "0"
    Info (12134): Parameter "sld_ir_width" = "2"
    Info (12134): Parameter "sld_mfg_id" = "70"
    Info (12134): Parameter "sld_sim_action" = ""
    Info (12134): Parameter "sld_sim_n_scan" = "0"
    Info (12134): Parameter "sld_sim_total_length" = "0"
    Info (12134): Parameter "sld_type_id" = "34"
    Info (12134): Parameter "sld_version" = "3"
Info (12128): Elaborating entity "sld_virtual_jtag_impl" for hierarchy "fpro:u0|fpro_nios2_gen2_0:nios2_gen2_0|fpro_nios2_gen2_0_cpu:cpu|fpro_nios2_gen2_0_cpu_nios2_oci:the_fpro_nios2_gen2_0_cpu_nios2_oci|fpro_nios2_gen2_0_cpu_debug_slave_wrapper:the_fpro_nios2_gen2_0_cpu_debug_slave_wrapper|sld_virtual_jtag_basic:fpro_nios2_gen2_0_cpu_debug_slave_phy|sld_virtual_jtag_impl:sld_virtual_jtag_impl_inst" File: c:/intelfpga_lite/18.1/quartus/libraries/megafunctions/sld_virtual_jtag_basic.v Line: 151
Info (12131): Elaborated megafunction instantiation "fpro:u0|fpro_nios2_gen2_0:nios2_gen2_0|fpro_nios2_gen2_0_cpu:cpu|fpro_nios2_gen2_0_cpu_nios2_oci:the_fpro_nios2_gen2_0_cpu_nios2_oci|fpro_nios2_gen2_0_cpu_debug_slave_wrapper:the_fpro_nios2_gen2_0_cpu_debug_slave_wrapper|sld_virtual_jtag_basic:fpro_nios2_gen2_0_cpu_debug_slave_phy|sld_virtual_jtag_impl:sld_virtual_jtag_impl_inst", which is child of megafunction instantiation "fpro:u0|fpro_nios2_gen2_0:nios2_gen2_0|fpro_nios2_gen2_0_cpu:cpu|fpro_nios2_gen2_0_cpu_nios2_oci:the_fpro_nios2_gen2_0_cpu_nios2_oci|fpro_nios2_gen2_0_cpu_debug_slave_wrapper:the_fpro_nios2_gen2_0_cpu_debug_slave_wrapper|sld_virtual_jtag_basic:fpro_nios2_gen2_0_cpu_debug_slave_phy" File: c:/intelfpga_lite/18.1/quartus/libraries/megafunctions/sld_virtual_jtag_basic.v Line: 151
Info (12128): Elaborating entity "sld_jtag_endpoint_adapter" for hierarchy "fpro:u0|fpro_nios2_gen2_0:nios2_gen2_0|fpro_nios2_gen2_0_cpu:cpu|fpro_nios2_gen2_0_cpu_nios2_oci:the_fpro_nios2_gen2_0_cpu_nios2_oci|fpro_nios2_gen2_0_cpu_debug_slave_wrapper:the_fpro_nios2_gen2_0_cpu_debug_slave_wrapper|sld_virtual_jtag_basic:fpro_nios2_gen2_0_cpu_debug_slave_phy|sld_virtual_jtag_impl:sld_virtual_jtag_impl_inst|sld_jtag_endpoint_adapter:jtag_signal_adapter" File: c:/intelfpga_lite/18.1/quartus/libraries/megafunctions/sld_virtual_jtag_basic.v Line: 414
Info (12128): Elaborating entity "sld_jtag_endpoint_adapter_impl" for hierarchy "fpro:u0|fpro_nios2_gen2_0:nios2_gen2_0|fpro_nios2_gen2_0_cpu:cpu|fpro_nios2_gen2_0_cpu_nios2_oci:the_fpro_nios2_gen2_0_cpu_nios2_oci|fpro_nios2_gen2_0_cpu_debug_slave_wrapper:the_fpro_nios2_gen2_0_cpu_debug_slave_wrapper|sld_virtual_jtag_basic:fpro_nios2_gen2_0_cpu_debug_slave_phy|sld_virtual_jtag_impl:sld_virtual_jtag_impl_inst|sld_jtag_endpoint_adapter:jtag_signal_adapter|sld_jtag_endpoint_adapter_impl:sld_jtag_endpoint_adapter_impl_inst" File: c:/intelfpga_lite/18.1/quartus/libraries/megafunctions/sld_jtag_endpoint_adapter.vhd Line: 232
Info (12128): Elaborating entity "fpro_onchip_memory2_0" for hierarchy "fpro:u0|fpro_onchip_memory2_0:onchip_memory2_0" File: C:/Users/augh/Documents/FPRO/fpro/synthesis/fpro.v Line: 152
Info (12128): Elaborating entity "altsyncram" for hierarchy "fpro:u0|fpro_onchip_memory2_0:onchip_memory2_0|altsyncram:the_altsyncram" File: C:/Users/augh/Documents/FPRO/fpro/synthesis/submodules/fpro_onchip_memory2_0.v Line: 69
Info (12130): Elaborated megafunction instantiation "fpro:u0|fpro_onchip_memory2_0:onchip_memory2_0|altsyncram:the_altsyncram" File: C:/Users/augh/Documents/FPRO/fpro/synthesis/submodules/fpro_onchip_memory2_0.v Line: 69
Info (12133): Instantiated megafunction "fpro:u0|fpro_onchip_memory2_0:onchip_memory2_0|altsyncram:the_altsyncram" with the following parameter: File: C:/Users/augh/Documents/FPRO/fpro/synthesis/submodules/fpro_onchip_memory2_0.v Line: 69
    Info (12134): Parameter "byte_size" = "8"
    Info (12134): Parameter "init_file" = "fpro_onchip_memory2_0.hex"
    Info (12134): Parameter "lpm_type" = "altsyncram"
    Info (12134): Parameter "maximum_depth" = "4"
    Info (12134): Parameter "numwords_a" = "4"
    Info (12134): Parameter "operation_mode" = "SINGLE_PORT"
    Info (12134): Parameter "outdata_reg_a" = "UNREGISTERED"
    Info (12134): Parameter "ram_block_type" = "AUTO"
    Info (12134): Parameter "read_during_write_mode_mixed_ports" = "DONT_CARE"
    Info (12134): Parameter "read_during_write_mode_port_a" = "DONT_CARE"
    Info (12134): Parameter "width_a" = "32"
    Info (12134): Parameter "width_byteena_a" = "4"
    Info (12134): Parameter "widthad_a" = "2"
Info (12021): Found 1 design units, including 1 entities, in source file db/altsyncram_uqf1.tdf
    Info (12023): Found entity 1: altsyncram_uqf1 File: C:/Users/augh/Documents/FPRO/db/altsyncram_uqf1.tdf Line: 27
Info (12128): Elaborating entity "altsyncram_uqf1" for hierarchy "fpro:u0|fpro_onchip_memory2_0:onchip_memory2_0|altsyncram:the_altsyncram|altsyncram_uqf1:auto_generated" File: c:/intelfpga_lite/18.1/quartus/libraries/megafunctions/altsyncram.tdf Line: 791
Info (12128): Elaborating entity "fpro_sdram" for hierarchy "fpro:u0|fpro_sdram:sdram" File: C:/Users/augh/Documents/FPRO/fpro/synthesis/fpro.v Line: 175
Info (12128): Elaborating entity "fpro_sdram_input_efifo_module" for hierarchy "fpro:u0|fpro_sdram:sdram|fpro_sdram_input_efifo_module:the_fpro_sdram_input_efifo_module" File: C:/Users/augh/Documents/FPRO/fpro/synthesis/submodules/fpro_sdram.v Line: 298
Info (12128): Elaborating entity "fpro_sdram_pll" for hierarchy "fpro:u0|fpro_sdram_pll:sdram_pll" File: C:/Users/augh/Documents/FPRO/fpro/synthesis/fpro.v Line: 202
Info (12128): Elaborating entity "fpro_sdram_pll_stdsync_sv6" for hierarchy "fpro:u0|fpro_sdram_pll:sdram_pll|fpro_sdram_pll_stdsync_sv6:stdsync2" File: C:/Users/augh/Documents/FPRO/fpro/synthesis/submodules/fpro_sdram_pll.v Line: 288
Info (12128): Elaborating entity "fpro_sdram_pll_dffpipe_l2c" for hierarchy "fpro:u0|fpro_sdram_pll:sdram_pll|fpro_sdram_pll_stdsync_sv6:stdsync2|fpro_sdram_pll_dffpipe_l2c:dffpipe3" File: C:/Users/augh/Documents/FPRO/fpro/synthesis/submodules/fpro_sdram_pll.v Line: 116
Info (12128): Elaborating entity "fpro_sdram_pll_altpll_vg92" for hierarchy "fpro:u0|fpro_sdram_pll:sdram_pll|fpro_sdram_pll_altpll_vg92:sd1" File: C:/Users/augh/Documents/FPRO/fpro/synthesis/submodules/fpro_sdram_pll.v Line: 294
Info (12128): Elaborating entity "fpro_sysid_qsys_0" for hierarchy "fpro:u0|fpro_sysid_qsys_0:sysid_qsys_0" File: C:/Users/augh/Documents/FPRO/fpro/synthesis/fpro.v Line: 209
Info (12128): Elaborating entity "fpro_mm_interconnect_0" for hierarchy "fpro:u0|fpro_mm_interconnect_0:mm_interconnect_0" File: C:/Users/augh/Documents/FPRO/fpro/synthesis/fpro.v Line: 267
Info (12128): Elaborating entity "altera_merlin_master_translator" for hierarchy "fpro:u0|fpro_mm_interconnect_0:mm_interconnect_0|altera_merlin_master_translator:nios2_gen2_0_data_master_translator" File: C:/Users/augh/Documents/FPRO/fpro/synthesis/submodules/fpro_mm_interconnect_0.v Line: 641
Info (12128): Elaborating entity "altera_merlin_master_translator" for hierarchy "fpro:u0|fpro_mm_interconnect_0:mm_interconnect_0|altera_merlin_master_translator:nios2_gen2_0_instruction_master_translator" File: C:/Users/augh/Documents/FPRO/fpro/synthesis/submodules/fpro_mm_interconnect_0.v Line: 701
Info (12128): Elaborating entity "altera_merlin_slave_translator" for hierarchy "fpro:u0|fpro_mm_interconnect_0:mm_interconnect_0|altera_merlin_slave_translator:avalon_to_fpro_bridge_0_avalon_mm_interface_translator" File: C:/Users/augh/Documents/FPRO/fpro/synthesis/submodules/fpro_mm_interconnect_0.v Line: 765
Info (12128): Elaborating entity "altera_merlin_slave_translator" for hierarchy "fpro:u0|fpro_mm_interconnect_0:mm_interconnect_0|altera_merlin_slave_translator:sysid_qsys_0_control_slave_translator" File: C:/Users/augh/Documents/FPRO/fpro/synthesis/submodules/fpro_mm_interconnect_0.v Line: 829
Info (12128): Elaborating entity "altera_merlin_slave_translator" for hierarchy "fpro:u0|fpro_mm_interconnect_0:mm_interconnect_0|altera_merlin_slave_translator:nios2_gen2_0_debug_mem_slave_translator" File: C:/Users/augh/Documents/FPRO/fpro/synthesis/submodules/fpro_mm_interconnect_0.v Line: 893
Info (12128): Elaborating entity "altera_merlin_slave_translator" for hierarchy "fpro:u0|fpro_mm_interconnect_0:mm_interconnect_0|altera_merlin_slave_translator:sdram_pll_pll_slave_translator" File: C:/Users/augh/Documents/FPRO/fpro/synthesis/submodules/fpro_mm_interconnect_0.v Line: 957
Info (12128): Elaborating entity "altera_merlin_slave_translator" for hierarchy "fpro:u0|fpro_mm_interconnect_0:mm_interconnect_0|altera_merlin_slave_translator:sdram_s1_translator" File: C:/Users/augh/Documents/FPRO/fpro/synthesis/submodules/fpro_mm_interconnect_0.v Line: 1021
Info (12128): Elaborating entity "altera_merlin_slave_translator" for hierarchy "fpro:u0|fpro_mm_interconnect_0:mm_interconnect_0|altera_merlin_slave_translator:onchip_memory2_0_s1_translator" File: C:/Users/augh/Documents/FPRO/fpro/synthesis/submodules/fpro_mm_interconnect_0.v Line: 1085
Info (12128): Elaborating entity "altera_merlin_master_agent" for hierarchy "fpro:u0|fpro_mm_interconnect_0:mm_interconnect_0|altera_merlin_master_agent:nios2_gen2_0_data_master_agent" File: C:/Users/augh/Documents/FPRO/fpro/synthesis/submodules/fpro_mm_interconnect_0.v Line: 1166
Info (12128): Elaborating entity "altera_merlin_master_agent" for hierarchy "fpro:u0|fpro_mm_interconnect_0:mm_interconnect_0|altera_merlin_master_agent:nios2_gen2_0_instruction_master_agent" File: C:/Users/augh/Documents/FPRO/fpro/synthesis/submodules/fpro_mm_interconnect_0.v Line: 1247
Info (12128): Elaborating entity "altera_merlin_slave_agent" for hierarchy "fpro:u0|fpro_mm_interconnect_0:mm_interconnect_0|altera_merlin_slave_agent:avalon_to_fpro_bridge_0_avalon_mm_interface_agent" File: C:/Users/augh/Documents/FPRO/fpro/synthesis/submodules/fpro_mm_interconnect_0.v Line: 1331
Info (12128): Elaborating entity "altera_merlin_burst_uncompressor" for hierarchy "fpro:u0|fpro_mm_interconnect_0:mm_interconnect_0|altera_merlin_slave_agent:avalon_to_fpro_bridge_0_avalon_mm_interface_agent|altera_merlin_burst_uncompressor:uncompressor" File: C:/Users/augh/Documents/FPRO/fpro/synthesis/submodules/altera_merlin_slave_agent.sv Line: 608
Info (12128): Elaborating entity "altera_avalon_sc_fifo" for hierarchy "fpro:u0|fpro_mm_interconnect_0:mm_interconnect_0|altera_avalon_sc_fifo:avalon_to_fpro_bridge_0_avalon_mm_interface_agent_rsp_fifo" File: C:/Users/augh/Documents/FPRO/fpro/synthesis/submodules/fpro_mm_interconnect_0.v Line: 1372
Info (12128): Elaborating entity "altera_merlin_slave_agent" for hierarchy "fpro:u0|fpro_mm_interconnect_0:mm_interconnect_0|altera_merlin_slave_agent:sdram_s1_agent" File: C:/Users/augh/Documents/FPRO/fpro/synthesis/submodules/fpro_mm_interconnect_0.v Line: 1831
Info (12128): Elaborating entity "altera_merlin_burst_uncompressor" for hierarchy "fpro:u0|fpro_mm_interconnect_0:mm_interconnect_0|altera_merlin_slave_agent:sdram_s1_agent|altera_merlin_burst_uncompressor:uncompressor" File: C:/Users/augh/Documents/FPRO/fpro/synthesis/submodules/altera_merlin_slave_agent.sv Line: 608
Info (12128): Elaborating entity "altera_avalon_sc_fifo" for hierarchy "fpro:u0|fpro_mm_interconnect_0:mm_interconnect_0|altera_avalon_sc_fifo:sdram_s1_agent_rsp_fifo" File: C:/Users/augh/Documents/FPRO/fpro/synthesis/submodules/fpro_mm_interconnect_0.v Line: 1872
Info (12128): Elaborating entity "altera_avalon_sc_fifo" for hierarchy "fpro:u0|fpro_mm_interconnect_0:mm_interconnect_0|altera_avalon_sc_fifo:sdram_s1_agent_rdata_fifo" File: C:/Users/augh/Documents/FPRO/fpro/synthesis/submodules/fpro_mm_interconnect_0.v Line: 1913
Info (12128): Elaborating entity "fpro_mm_interconnect_0_router" for hierarchy "fpro:u0|fpro_mm_interconnect_0:mm_interconnect_0|fpro_mm_interconnect_0_router:router" File: C:/Users/augh/Documents/FPRO/fpro/synthesis/submodules/fpro_mm_interconnect_0.v Line: 2054
Error (10232): Verilog HDL error at fpro_mm_interconnect_0_router.sv(202): index 34 cannot fall outside the declared range [33:0] for vector "address" File: C:/Users/augh/Documents/FPRO/fpro/synthesis/submodules/fpro_mm_interconnect_0_router.sv Line: 202
Error (12152): Can't elaborate user hierarchy "fpro:u0|fpro_mm_interconnect_0:mm_interconnect_0|fpro_mm_interconnect_0_router:router" File: C:/Users/augh/Documents/FPRO/fpro/synthesis/submodules/fpro_mm_interconnect_0.v Line: 2054
Info (144001): Generated suppressed messages file C:/Users/augh/Documents/FPRO/output_files/FPRO_System.map.smsg
Error: Quartus Prime Analysis & Synthesis was unsuccessful. 2 errors, 28 warnings
    Error: Peak virtual memory: 4861 megabytes
    Error: Processing ended: Sat Aug 14 14:02:35 2021
    Error: Elapsed time: 00:00:19
    Error: Total CPU time (on all processors): 00:00:29


+------------------------------------------+
; Analysis & Synthesis Suppressed Messages ;
+------------------------------------------+
The suppressed messages can be found in C:/Users/augh/Documents/FPRO/output_files/FPRO_System.map.smsg.


